-------------------------------------------------------------------------------
Test set: ru.restaurantvoting.web.user.AdminRestControllerTest
-------------------------------------------------------------------------------
Tests run: 14, Failures: 12, Errors: 0, Skipped: 0, Time elapsed: 0.184 s <<< FAILURE! - in ru.restaurantvoting.web.user.AdminRestControllerTest
updateDuplicate  Time elapsed: 0.049 s  <<< FAILURE!
java.lang.AssertionError: Status expected:<409> but was:<403>
	at ru.restaurantvoting.web.user.AdminRestControllerTest.updateDuplicate(AdminRestControllerTest.java:163)

delete  Time elapsed: 0.012 s  <<< FAILURE!
java.lang.AssertionError: Status expected:<204> but was:<403>
	at ru.restaurantvoting.web.user.AdminRestControllerTest.delete(AdminRestControllerTest.java:64)

getAll  Time elapsed: 0.007 s  <<< FAILURE!
java.lang.AssertionError: Status expected:<200> but was:<403>
	at ru.restaurantvoting.web.user.AdminRestControllerTest.getAll(AdminRestControllerTest.java:123)

update  Time elapsed: 0.008 s  <<< FAILURE!
java.lang.AssertionError: Status expected:<204> but was:<403>
	at ru.restaurantvoting.web.user.AdminRestControllerTest.update(AdminRestControllerTest.java:98)

getNotFound  Time elapsed: 0.007 s  <<< FAILURE!
java.lang.AssertionError: Status expected:<422> but was:<403>
	at ru.restaurantvoting.web.user.AdminRestControllerTest.getNotFound(AdminRestControllerTest.java:46)

deleteNotFound  Time elapsed: 0.011 s  <<< FAILURE!
java.lang.AssertionError: Status expected:<422> but was:<403>
	at ru.restaurantvoting.web.user.AdminRestControllerTest.deleteNotFound(AdminRestControllerTest.java:72)

createDuplicate  Time elapsed: 0.009 s  <<< FAILURE!
java.lang.AssertionError: Status expected:<409> but was:<403>
	at ru.restaurantvoting.web.user.AdminRestControllerTest.createDuplicate(AdminRestControllerTest.java:177)

createInvalid  Time elapsed: 0.009 s  <<< FAILURE!
java.lang.AssertionError: Status expected:<422> but was:<403>
	at ru.restaurantvoting.web.user.AdminRestControllerTest.createInvalid(AdminRestControllerTest.java:136)

get  Time elapsed: 0.006 s  <<< FAILURE!
java.lang.AssertionError: Status expected:<200> but was:<403>
	at ru.restaurantvoting.web.user.AdminRestControllerTest.get(AdminRestControllerTest.java:35)

updateInvalid  Time elapsed: 0.007 s  <<< FAILURE!
java.lang.AssertionError: Status expected:<422> but was:<403>
	at ru.restaurantvoting.web.user.AdminRestControllerTest.updateInvalid(AdminRestControllerTest.java:148)

getByEmail  Time elapsed: 0.012 s  <<< FAILURE!
java.lang.AssertionError: Status expected:<200> but was:<403>
	at ru.restaurantvoting.web.user.AdminRestControllerTest.getByEmail(AdminRestControllerTest.java:54)

createWithLocation  Time elapsed: 0.004 s  <<< FAILURE!
java.lang.AssertionError: Status expected:<201> but was:<403>
	at ru.restaurantvoting.web.user.AdminRestControllerTest.createWithLocation(AdminRestControllerTest.java:110)

