<?xml version="1.0" encoding="UTF-8"?>
<testsuite xmlns:xsi="http://www.w3.org/2001/XMLSchema-instance" xsi:noNamespaceSchemaLocation="https://maven.apache.org/surefire/maven-surefire-plugin/xsd/surefire-test-report.xsd" name="ru.restaurantvoting.service.VoteServiceTest" time="0.072" tests="7" errors="0" skipped="0" failures="0">
  <properties>
[...]
</properties>
  <testcase name="create" classname="ru.restaurantvoting.service.VoteServiceTest" time="0.025"/>
  <testcase name="getAll" classname="ru.restaurantvoting.service.VoteServiceTest" time="0.004"/>
  <testcase name="getAllByDate" classname="ru.restaurantvoting.service.VoteServiceTest" time="0.007"/>
  <testcase name="update" classname="ru.restaurantvoting.service.VoteServiceTest" time="0.009"/>
  <testcase name="getNotFound" classname="ru.restaurantvoting.service.VoteServiceTest" time="0.005"/>
  <testcase name="createWithException" classname="ru.restaurantvoting.service.VoteServiceTest" time="0.005"/>
  <testcase name="get" classname="ru.restaurantvoting.service.VoteServiceTest" time="0.013"/>
</testsuite>