<?xml version="1.0" encoding="UTF-8"?>
<testsuite xmlns:xsi="http://www.w3.org/2001/XMLSchema-instance" xsi:noNamespaceSchemaLocation="https://maven.apache.org/surefire/maven-surefire-plugin/xsd/surefire-test-report.xsd" name="ru.restaurantvoting.web.user.AdminRestControllerTest" time="0.184" tests="14" errors="0" skipped="0" failures="12">
  <properties>
    <property name="java.specification.version" value="15"/>
    <property name="sun.cpu.isalist" value="amd64"/>
    <property name="sun.jnu.encoding" value="Cp1251"/>
    <property name="java.class.path" value="G:\restVote\target\test-classes;G:\restVote\target\classes;C:\Users\zaki\.m2\repository\org\springframework\security\spring-security-web\5.1.5.RELEASE\spring-security-web-5.1.5.RELEASE.jar;C:\Users\zaki\.m2\repository\org\springframework\security\spring-security-core\5.1.5.RELEASE\spring-security-core-5.1.5.RELEASE.jar;C:\Users\zaki\.m2\repository\org\springframework\spring-aop\5.1.8.RELEASE\spring-aop-5.1.8.RELEASE.jar;C:\Users\zaki\.m2\repository\org\springframework\spring-beans\5.1.8.RELEASE\spring-beans-5.1.8.RELEASE.jar;C:\Users\zaki\.m2\repository\org\springframework\spring-context\5.1.8.RELEASE\spring-context-5.1.8.RELEASE.jar;C:\Users\zaki\.m2\repository\org\springframework\spring-core\5.1.8.RELEASE\spring-core-5.1.8.RELEASE.jar;C:\Users\zaki\.m2\repository\org\springframework\spring-jcl\5.1.8.RELEASE\spring-jcl-5.1.8.RELEASE.jar;C:\Users\zaki\.m2\repository\org\springframework\spring-expression\5.1.8.RELEASE\spring-expression-5.1.8.RELEASE.jar;C:\Users\zaki\.m2\repository\org\springframework\spring-web\5.1.8.RELEASE\spring-web-5.1.8.RELEASE.jar;C:\Users\zaki\.m2\repository\org\springframework\security\spring-security-config\5.1.5.RELEASE\spring-security-config-5.1.5.RELEASE.jar;C:\Users\zaki\.m2\repository\org\hsqldb\hsqldb\2.5.0\hsqldb-2.5.0.jar;C:\Users\zaki\.m2\repository\org\springframework\spring-context-support\5.1.8.RELEASE\spring-context-support-5.1.8.RELEASE.jar;C:\Users\zaki\.m2\repository\org\springframework\data\spring-data-jpa\2.1.9.RELEASE\spring-data-jpa-2.1.9.RELEASE.jar;C:\Users\zaki\.m2\repository\org\springframework\data\spring-data-commons\2.1.9.RELEASE\spring-data-commons-2.1.9.RELEASE.jar;C:\Users\zaki\.m2\repository\org\springframework\spring-orm\5.1.8.RELEASE\spring-orm-5.1.8.RELEASE.jar;C:\Users\zaki\.m2\repository\org\springframework\spring-jdbc\5.1.8.RELEASE\spring-jdbc-5.1.8.RELEASE.jar;C:\Users\zaki\.m2\repository\org\springframework\spring-tx\5.1.8.RELEASE\spring-tx-5.1.8.RELEASE.jar;C:\Users\zaki\.m2\repository\org\aspectj\aspectjrt\1.9.3\aspectjrt-1.9.3.jar;C:\Users\zaki\.m2\repository\org\hibernate\hibernate-core\5.4.3.Final\hibernate-core-5.4.3.Final.jar;C:\Users\zaki\.m2\repository\org\jboss\logging\jboss-logging\3.3.2.Final\jboss-logging-3.3.2.Final.jar;C:\Users\zaki\.m2\repository\javax\persistence\javax.persistence-api\2.2\javax.persistence-api-2.2.jar;C:\Users\zaki\.m2\repository\org\javassist\javassist\3.24.0-GA\javassist-3.24.0-GA.jar;C:\Users\zaki\.m2\repository\net\bytebuddy\byte-buddy\1.9.10\byte-buddy-1.9.10.jar;C:\Users\zaki\.m2\repository\antlr\antlr\2.7.7\antlr-2.7.7.jar;C:\Users\zaki\.m2\repository\org\jboss\spec\javax\transaction\jboss-transaction-api_1.2_spec\1.1.1.Final\jboss-transaction-api_1.2_spec-1.1.1.Final.jar;C:\Users\zaki\.m2\repository\org\jboss\jandex\2.0.5.Final\jandex-2.0.5.Final.jar;C:\Users\zaki\.m2\repository\com\fasterxml\classmate\1.3.4\classmate-1.3.4.jar;C:\Users\zaki\.m2\repository\javax\activation\javax.activation-api\1.2.0\javax.activation-api-1.2.0.jar;C:\Users\zaki\.m2\repository\org\dom4j\dom4j\2.1.1\dom4j-2.1.1.jar;C:\Users\zaki\.m2\repository\org\hibernate\common\hibernate-commons-annotations\5.1.0.Final\hibernate-commons-annotations-5.1.0.Final.jar;C:\Users\zaki\.m2\repository\javax\xml\bind\jaxb-api\2.3.1\jaxb-api-2.3.1.jar;C:\Users\zaki\.m2\repository\org\hibernate\validator\hibernate-validator\6.0.17.Final\hibernate-validator-6.0.17.Final.jar;C:\Users\zaki\.m2\repository\javax\validation\validation-api\2.0.1.Final\validation-api-2.0.1.Final.jar;C:\Users\zaki\.m2\repository\org\hibernate\hibernate-jcache\5.4.3.Final\hibernate-jcache-5.4.3.Final.jar;C:\Users\zaki\.m2\repository\org\jsoup\jsoup\1.12.1\jsoup-1.12.1.jar;C:\Users\zaki\.m2\repository\org\glassfish\javax.el\3.0.1-b11\javax.el-3.0.1-b11.jar;C:\Users\zaki\.m2\repository\javax\cache\cache-api\1.1.0\cache-api-1.1.0.jar;C:\Users\zaki\.m2\repository\org\ehcache\ehcache\3.7.1\ehcache-3.7.1.jar;C:\Users\zaki\.m2\repository\org\glassfish\jaxb\jaxb-runtime\2.4.0-b180830.0438\jaxb-runtime-2.4.0-b180830.0438.jar;C:\Users\zaki\.m2\repository\org\glassfish\jaxb\txw2\2.4.0-b180830.0438\txw2-2.4.0-b180830.0438.jar;C:\Users\zaki\.m2\repository\com\sun\istack\istack-commons-runtime\3.0.7\istack-commons-runtime-3.0.7.jar;C:\Users\zaki\.m2\repository\org\jvnet\staxex\stax-ex\1.8\stax-ex-1.8.jar;C:\Users\zaki\.m2\repository\com\sun\xml\fastinfoset\FastInfoset\1.2.15\FastInfoset-1.2.15.jar;C:\Users\zaki\.m2\repository\org\apache\tomcat\tomcat-servlet-api\9.0.21\tomcat-servlet-api-9.0.21.jar;C:\Users\zaki\.m2\repository\org\springframework\spring-webmvc\5.1.8.RELEASE\spring-webmvc-5.1.8.RELEASE.jar;C:\Users\zaki\.m2\repository\org\junit\jupiter\junit-jupiter-engine\5.5.1\junit-jupiter-engine-5.5.1.jar;C:\Users\zaki\.m2\repository\org\apiguardian\apiguardian-api\1.1.0\apiguardian-api-1.1.0.jar;C:\Users\zaki\.m2\repository\org\junit\platform\junit-platform-engine\1.5.1\junit-platform-engine-1.5.1.jar;C:\Users\zaki\.m2\repository\org\opentest4j\opentest4j\1.2.0\opentest4j-1.2.0.jar;C:\Users\zaki\.m2\repository\org\junit\platform\junit-platform-commons\1.5.1\junit-platform-commons-1.5.1.jar;C:\Users\zaki\.m2\repository\org\junit\jupiter\junit-jupiter-api\5.5.1\junit-jupiter-api-5.5.1.jar;C:\Users\zaki\.m2\repository\org\springframework\spring-test\5.1.8.RELEASE\spring-test-5.1.8.RELEASE.jar;C:\Users\zaki\.m2\repository\org\springframework\security\spring-security-test\5.1.5.RELEASE\spring-security-test-5.1.5.RELEASE.jar;C:\Users\zaki\.m2\repository\org\assertj\assertj-core\3.12.2\assertj-core-3.12.2.jar;C:\Users\zaki\.m2\repository\org\hamcrest\hamcrest-core\1.3\hamcrest-core-1.3.jar;C:\Users\zaki\.m2\repository\com\jayway\jsonpath\json-path\2.4.0\json-path-2.4.0.jar;C:\Users\zaki\.m2\repository\net\minidev\json-smart\2.3\json-smart-2.3.jar;C:\Users\zaki\.m2\repository\net\minidev\accessors-smart\1.2\accessors-smart-1.2.jar;C:\Users\zaki\.m2\repository\org\ow2\asm\asm\5.0.4\asm-5.0.4.jar;C:\Users\zaki\.m2\repository\org\slf4j\slf4j-api\1.7.25\slf4j-api-1.7.25.jar;C:\Users\zaki\.m2\repository\ch\qos\logback\logback-classic\1.2.3\logback-classic-1.2.3.jar;C:\Users\zaki\.m2\repository\ch\qos\logback\logback-core\1.2.3\logback-core-1.2.3.jar;C:\Users\zaki\.m2\repository\javax\annotation\javax.annotation-api\1.3.2\javax.annotation-api-1.3.2.jar;C:\Users\zaki\.m2\repository\com\fasterxml\jackson\core\jackson-databind\2.9.9\jackson-databind-2.9.9.jar;C:\Users\zaki\.m2\repository\com\fasterxml\jackson\core\jackson-annotations\2.9.0\jackson-annotations-2.9.0.jar;C:\Users\zaki\.m2\repository\com\fasterxml\jackson\core\jackson-core\2.9.9\jackson-core-2.9.9.jar;C:\Users\zaki\.m2\repository\com\fasterxml\jackson\datatype\jackson-datatype-hibernate5\2.9.9\jackson-datatype-hibernate5-2.9.9.jar;C:\Users\zaki\.m2\repository\javax\transaction\jta\1.1\jta-1.1.jar;C:\Users\zaki\.m2\repository\com\fasterxml\jackson\datatype\jackson-datatype-jsr310\2.9.9\jackson-datatype-jsr310-2.9.9.jar;"/>
    <property name="java.vm.vendor" value="Oracle Corporation"/>
    <property name="sun.arch.data.model" value="64"/>
    <property name="user.variant" value=""/>
    <property name="java.vendor.url" value="https://java.oracle.com/"/>
    <property name="user.timezone" value="Europe/Moscow"/>
    <property name="os.name" value="Windows 10"/>
    <property name="java.vm.specification.version" value="15"/>
    <property name="sun.java.launcher" value="SUN_STANDARD"/>
    <property name="user.country" value="RU"/>
    <property name="sun.boot.library.path" value="C:\Program Files\Java\jdk-15.0.1\bin"/>
    <property name="sun.java.command" value="C:\Users\zaki\AppData\Local\Temp\surefire13396215397815122471\surefirebooter1425538910532971838.jar C:\Users\zaki\AppData\Local\Temp\surefire13396215397815122471 2021-01-03T01-24-49_537-jvmRun1 surefire1035124223868373035tmp surefire_06103786116379852650tmp"/>
    <property name="jdk.debug" value="release"/>
    <property name="surefire.test.class.path" value="G:\restVote\target\test-classes;G:\restVote\target\classes;C:\Users\zaki\.m2\repository\org\springframework\security\spring-security-web\5.1.5.RELEASE\spring-security-web-5.1.5.RELEASE.jar;C:\Users\zaki\.m2\repository\org\springframework\security\spring-security-core\5.1.5.RELEASE\spring-security-core-5.1.5.RELEASE.jar;C:\Users\zaki\.m2\repository\org\springframework\spring-aop\5.1.8.RELEASE\spring-aop-5.1.8.RELEASE.jar;C:\Users\zaki\.m2\repository\org\springframework\spring-beans\5.1.8.RELEASE\spring-beans-5.1.8.RELEASE.jar;C:\Users\zaki\.m2\repository\org\springframework\spring-context\5.1.8.RELEASE\spring-context-5.1.8.RELEASE.jar;C:\Users\zaki\.m2\repository\org\springframework\spring-core\5.1.8.RELEASE\spring-core-5.1.8.RELEASE.jar;C:\Users\zaki\.m2\repository\org\springframework\spring-jcl\5.1.8.RELEASE\spring-jcl-5.1.8.RELEASE.jar;C:\Users\zaki\.m2\repository\org\springframework\spring-expression\5.1.8.RELEASE\spring-expression-5.1.8.RELEASE.jar;C:\Users\zaki\.m2\repository\org\springframework\spring-web\5.1.8.RELEASE\spring-web-5.1.8.RELEASE.jar;C:\Users\zaki\.m2\repository\org\springframework\security\spring-security-config\5.1.5.RELEASE\spring-security-config-5.1.5.RELEASE.jar;C:\Users\zaki\.m2\repository\org\hsqldb\hsqldb\2.5.0\hsqldb-2.5.0.jar;C:\Users\zaki\.m2\repository\org\springframework\spring-context-support\5.1.8.RELEASE\spring-context-support-5.1.8.RELEASE.jar;C:\Users\zaki\.m2\repository\org\springframework\data\spring-data-jpa\2.1.9.RELEASE\spring-data-jpa-2.1.9.RELEASE.jar;C:\Users\zaki\.m2\repository\org\springframework\data\spring-data-commons\2.1.9.RELEASE\spring-data-commons-2.1.9.RELEASE.jar;C:\Users\zaki\.m2\repository\org\springframework\spring-orm\5.1.8.RELEASE\spring-orm-5.1.8.RELEASE.jar;C:\Users\zaki\.m2\repository\org\springframework\spring-jdbc\5.1.8.RELEASE\spring-jdbc-5.1.8.RELEASE.jar;C:\Users\zaki\.m2\repository\org\springframework\spring-tx\5.1.8.RELEASE\spring-tx-5.1.8.RELEASE.jar;C:\Users\zaki\.m2\repository\org\aspectj\aspectjrt\1.9.3\aspectjrt-1.9.3.jar;C:\Users\zaki\.m2\repository\org\hibernate\hibernate-core\5.4.3.Final\hibernate-core-5.4.3.Final.jar;C:\Users\zaki\.m2\repository\org\jboss\logging\jboss-logging\3.3.2.Final\jboss-logging-3.3.2.Final.jar;C:\Users\zaki\.m2\repository\javax\persistence\javax.persistence-api\2.2\javax.persistence-api-2.2.jar;C:\Users\zaki\.m2\repository\org\javassist\javassist\3.24.0-GA\javassist-3.24.0-GA.jar;C:\Users\zaki\.m2\repository\net\bytebuddy\byte-buddy\1.9.10\byte-buddy-1.9.10.jar;C:\Users\zaki\.m2\repository\antlr\antlr\2.7.7\antlr-2.7.7.jar;C:\Users\zaki\.m2\repository\org\jboss\spec\javax\transaction\jboss-transaction-api_1.2_spec\1.1.1.Final\jboss-transaction-api_1.2_spec-1.1.1.Final.jar;C:\Users\zaki\.m2\repository\org\jboss\jandex\2.0.5.Final\jandex-2.0.5.Final.jar;C:\Users\zaki\.m2\repository\com\fasterxml\classmate\1.3.4\classmate-1.3.4.jar;C:\Users\zaki\.m2\repository\javax\activation\javax.activation-api\1.2.0\javax.activation-api-1.2.0.jar;C:\Users\zaki\.m2\repository\org\dom4j\dom4j\2.1.1\dom4j-2.1.1.jar;C:\Users\zaki\.m2\repository\org\hibernate\common\hibernate-commons-annotations\5.1.0.Final\hibernate-commons-annotations-5.1.0.Final.jar;C:\Users\zaki\.m2\repository\javax\xml\bind\jaxb-api\2.3.1\jaxb-api-2.3.1.jar;C:\Users\zaki\.m2\repository\org\hibernate\validator\hibernate-validator\6.0.17.Final\hibernate-validator-6.0.17.Final.jar;C:\Users\zaki\.m2\repository\javax\validation\validation-api\2.0.1.Final\validation-api-2.0.1.Final.jar;C:\Users\zaki\.m2\repository\org\hibernate\hibernate-jcache\5.4.3.Final\hibernate-jcache-5.4.3.Final.jar;C:\Users\zaki\.m2\repository\org\jsoup\jsoup\1.12.1\jsoup-1.12.1.jar;C:\Users\zaki\.m2\repository\org\glassfish\javax.el\3.0.1-b11\javax.el-3.0.1-b11.jar;C:\Users\zaki\.m2\repository\javax\cache\cache-api\1.1.0\cache-api-1.1.0.jar;C:\Users\zaki\.m2\repository\org\ehcache\ehcache\3.7.1\ehcache-3.7.1.jar;C:\Users\zaki\.m2\repository\org\glassfish\jaxb\jaxb-runtime\2.4.0-b180830.0438\jaxb-runtime-2.4.0-b180830.0438.jar;C:\Users\zaki\.m2\repository\org\glassfish\jaxb\txw2\2.4.0-b180830.0438\txw2-2.4.0-b180830.0438.jar;C:\Users\zaki\.m2\repository\com\sun\istack\istack-commons-runtime\3.0.7\istack-commons-runtime-3.0.7.jar;C:\Users\zaki\.m2\repository\org\jvnet\staxex\stax-ex\1.8\stax-ex-1.8.jar;C:\Users\zaki\.m2\repository\com\sun\xml\fastinfoset\FastInfoset\1.2.15\FastInfoset-1.2.15.jar;C:\Users\zaki\.m2\repository\org\apache\tomcat\tomcat-servlet-api\9.0.21\tomcat-servlet-api-9.0.21.jar;C:\Users\zaki\.m2\repository\org\springframework\spring-webmvc\5.1.8.RELEASE\spring-webmvc-5.1.8.RELEASE.jar;C:\Users\zaki\.m2\repository\org\junit\jupiter\junit-jupiter-engine\5.5.1\junit-jupiter-engine-5.5.1.jar;C:\Users\zaki\.m2\repository\org\apiguardian\apiguardian-api\1.1.0\apiguardian-api-1.1.0.jar;C:\Users\zaki\.m2\repository\org\junit\platform\junit-platform-engine\1.5.1\junit-platform-engine-1.5.1.jar;C:\Users\zaki\.m2\repository\org\opentest4j\opentest4j\1.2.0\opentest4j-1.2.0.jar;C:\Users\zaki\.m2\repository\org\junit\platform\junit-platform-commons\1.5.1\junit-platform-commons-1.5.1.jar;C:\Users\zaki\.m2\repository\org\junit\jupiter\junit-jupiter-api\5.5.1\junit-jupiter-api-5.5.1.jar;C:\Users\zaki\.m2\repository\org\springframework\spring-test\5.1.8.RELEASE\spring-test-5.1.8.RELEASE.jar;C:\Users\zaki\.m2\repository\org\springframework\security\spring-security-test\5.1.5.RELEASE\spring-security-test-5.1.5.RELEASE.jar;C:\Users\zaki\.m2\repository\org\assertj\assertj-core\3.12.2\assertj-core-3.12.2.jar;C:\Users\zaki\.m2\repository\org\hamcrest\hamcrest-core\1.3\hamcrest-core-1.3.jar;C:\Users\zaki\.m2\repository\com\jayway\jsonpath\json-path\2.4.0\json-path-2.4.0.jar;C:\Users\zaki\.m2\repository\net\minidev\json-smart\2.3\json-smart-2.3.jar;C:\Users\zaki\.m2\repository\net\minidev\accessors-smart\1.2\accessors-smart-1.2.jar;C:\Users\zaki\.m2\repository\org\ow2\asm\asm\5.0.4\asm-5.0.4.jar;C:\Users\zaki\.m2\repository\org\slf4j\slf4j-api\1.7.25\slf4j-api-1.7.25.jar;C:\Users\zaki\.m2\repository\ch\qos\logback\logback-classic\1.2.3\logback-classic-1.2.3.jar;C:\Users\zaki\.m2\repository\ch\qos\logback\logback-core\1.2.3\logback-core-1.2.3.jar;C:\Users\zaki\.m2\repository\javax\annotation\javax.annotation-api\1.3.2\javax.annotation-api-1.3.2.jar;C:\Users\zaki\.m2\repository\com\fasterxml\jackson\core\jackson-databind\2.9.9\jackson-databind-2.9.9.jar;C:\Users\zaki\.m2\repository\com\fasterxml\jackson\core\jackson-annotations\2.9.0\jackson-annotations-2.9.0.jar;C:\Users\zaki\.m2\repository\com\fasterxml\jackson\core\jackson-core\2.9.9\jackson-core-2.9.9.jar;C:\Users\zaki\.m2\repository\com\fasterxml\jackson\datatype\jackson-datatype-hibernate5\2.9.9\jackson-datatype-hibernate5-2.9.9.jar;C:\Users\zaki\.m2\repository\javax\transaction\jta\1.1\jta-1.1.jar;C:\Users\zaki\.m2\repository\com\fasterxml\jackson\datatype\jackson-datatype-jsr310\2.9.9\jackson-datatype-jsr310-2.9.9.jar;"/>
    <property name="sun.cpu.endian" value="little"/>
    <property name="user.home" value="C:\Users\zaki"/>
    <property name="user.language" value="ru"/>
    <property name="java.specification.vendor" value="Oracle Corporation"/>
    <property name="java.version.date" value="2020-10-20"/>
    <property name="java.home" value="C:\Program Files\Java\jdk-15.0.1"/>
    <property name="file.separator" value="\"/>
    <property name="basedir" value="G:\restVote"/>
    <property name="java.vm.compressedOopsMode" value="Zero based"/>
    <property name="line.separator" value="&#10;"/>
    <property name="java.vm.specification.vendor" value="Oracle Corporation"/>
    <property name="java.specification.name" value="Java Platform API Specification"/>
    <property name="surefire.real.class.path" value="C:\Users\zaki\AppData\Local\Temp\surefire13396215397815122471\surefirebooter1425538910532971838.jar"/>
    <property name="user.script" value=""/>
    <property name="sun.management.compiler" value="HotSpot 64-Bit Tiered Compilers"/>
    <property name="java.runtime.version" value="15.0.1+9-18"/>
    <property name="user.name" value="zaki"/>
    <property name="path.separator" value=";"/>
    <property name="os.version" value="10.0"/>
    <property name="java.runtime.name" value="Java(TM) SE Runtime Environment"/>
    <property name="file.encoding" value="UTF-8"/>
    <property name="java.vm.name" value="Java HotSpot(TM) 64-Bit Server VM"/>
    <property name="localRepository" value="C:\Users\zaki\.m2\repository"/>
    <property name="java.vendor.url.bug" value="https://bugreport.java.com/bugreport/"/>
    <property name="java.io.tmpdir" value="C:\Users\zaki\AppData\Local\Temp\"/>
    <property name="idea.version" value="2020.2.3"/>
    <property name="java.version" value="15.0.1"/>
    <property name="user.dir" value="G:\restVote"/>
    <property name="os.arch" value="amd64"/>
    <property name="java.vm.specification.name" value="Java Virtual Machine Specification"/>
    <property name="sun.os.patch.level" value=""/>
    <property name="java.library.path" value="C:\Program Files\Java\jdk-15.0.1\bin;C:\Windows\Sun\Java\bin;C:\Windows\system32;C:\Windows;C:\Program Files\Common Files\Oracle\Java\javapath;C:\Windows\system32;C:\Windows;C:\Windows\System32\Wbem;C:\Windows\System32\WindowsPowerShell\v1.0\;C:\Windows\System32\OpenSSH\;C:\Program Files\Java\jdk-15.0.1\bin;C:\Program Files\Maven\bin;C:\Program Files\Git\cmd;C:\Program Files (x86)\NVIDIA Corporation\PhysX\Common;C:\Program Files\NVIDIA Corporation\NVIDIA NvDLISR;C:\Users\zaki\AppData\Local\Microsoft\WindowsApps;C:\Program Files\JetBrains\IntelliJ IDEA 2020.2.3\bin;;C:\Users\zaki\AppData\Local\GitHubDesktop\bin;."/>
    <property name="java.vm.info" value="mixed mode, sharing"/>
    <property name="java.vendor" value="Oracle Corporation"/>
    <property name="java.vm.version" value="15.0.1+9-18"/>
    <property name="sun.io.unicode.encoding" value="UnicodeLittle"/>
    <property name="java.class.version" value="59.0"/>
  </properties>
  <testcase name="updateDuplicate" classname="ru.restaurantvoting.web.user.AdminRestControllerTest" time="0.049">
    <failure message="Status expected:&lt;409&gt; but was:&lt;403&gt;" type="java.lang.AssertionError"><![CDATA[java.lang.AssertionError: Status expected:<409> but was:<403>
	at ru.restaurantvoting.web.user.AdminRestControllerTest.updateDuplicate(AdminRestControllerTest.java:163)
]]></failure>
    <system-out><![CDATA[01:24:54.530 &amp#27;[34mINFO &amp#27;[0;39m &amp#27;[36mo.s.t.c.support.AbstractTestContextBootstrapper.getDefaultTestExecutionListenerClassNames:248&amp#27;[0;39m - Loaded default TestExecutionListener class names from location [META-INF/spring.factories]: [org.springframework.test.context.web.ServletTestExecutionListener, org.springframework.test.context.support.DirtiesContextBeforeModesTestExecutionListener, org.springframework.test.context.support.DependencyInjectionTestExecutionListener, org.springframework.test.context.support.DirtiesContextTestExecutionListener, org.springframework.test.context.transaction.TransactionalTestExecutionListener, org.springframework.test.context.jdbc.SqlScriptsTestExecutionListener, org.springframework.security.test.context.support.WithSecurityContextTestExecutionListener, org.springframework.security.test.context.support.ReactorContextTestExecutionListener]
01:24:54.530 &amp#27;[34mINFO &amp#27;[0;39m &amp#27;[36mo.s.t.c.support.AbstractTestContextBootstrapper.getTestExecutionListeners:177&amp#27;[0;39m - Using TestExecutionListeners: [org.springframework.test.context.web.ServletTestExecutionListener@63cff421, org.springframework.test.context.support.DirtiesContextBeforeModesTestExecutionListener@27e42fe8, org.springframework.test.context.support.DependencyInjectionTestExecutionListener@219bad15, org.springframework.test.context.support.DirtiesContextTestExecutionListener@71739267, org.springframework.test.context.transaction.TransactionalTestExecutionListener@6d810e94, org.springframework.test.context.jdbc.SqlScriptsTestExecutionListener@6b9ce7a3, org.springframework.security.test.context.support.WithSecurityContextTestExecutionListener@17931cc0, org.springframework.security.test.context.support.ReactorContextTestExecutionListener@7a9e44ff]
01:24:54.532 &amp#27;[34mINFO &amp#27;[0;39m &amp#27;[36morg.springframework.mock.web.MockServletContext.log:444&amp#27;[0;39m - Initializing Spring TestDispatcherServlet ''
01:24:54.532 &amp#27;[34mINFO &amp#27;[0;39m &amp#27;[36morg.springframework.web.servlet.FrameworkServlet.initServletBean:524&amp#27;[0;39m - Initializing Servlet ''
01:24:54.537 &amp#27;[34mINFO &amp#27;[0;39m &amp#27;[36morg.springframework.web.servlet.FrameworkServlet.initServletBean:546&amp#27;[0;39m - Completed initialization in 5 ms
01:24:54.538 &amp#27;[34mINFO &amp#27;[0;39m &amp#27;[36mo.s.test.context.transaction.TransactionContext.startTransaction:107&amp#27;[0;39m - Began transaction (1) for test context [DefaultTestContext@27f6854b testClass = AdminRestControllerTest, testInstance = ru.restaurantvoting.web.user.AdminRestControllerTest@72499396, testMethod = updateDuplicate@AdminRestControllerTest, testException = [null], mergedContextConfiguration = [WebMergedContextConfiguration@65145fb7 testClass = AdminRestControllerTest, locations = '{classpath:spring/spring-app.xml, classpath:spring/spring-mvc.xml}', classes = '{}', contextInitializerClasses = '[]', activeProfiles = '{}', propertySourceLocations = '{}', propertySourceProperties = '{}', contextCustomizers = set[[empty]], resourceBasePath = 'src/main/webapp', contextLoader = 'org.springframework.test.context.web.WebDelegatingSmartContextLoader', parent = [null]], attributes = map['org.springframework.test.context.web.ServletTestExecutionListener.populatedRequestContextHolder' -> true, 'org.springframework.test.context.web.ServletTestExecutionListener.resetRequestContextHolder' -> true]]; transaction manager [org.springframework.orm.jpa.JpaTransactionManager@74ab8610]; rollback [true]
&amp#27;[35mStart stopWatch
&amp#27;[0;39mHibernate: 
    /* select
        generatedAlias0 
    from
        User as generatedAlias0 
    where
        generatedAlias0.email=:param0 */ select
            user0_.id as id1_4_,
            user0_.name as name2_4_,
            user0_.email as email3_4_,
            user0_.enabled as enabled4_4_,
            user0_.password as password5_4_,
            user0_.registered as register6_4_ 
        from
            users user0_ 
        where
            user0_.email=?
&amp#27;[35mstop stopWatch
&amp#27;[0;39m01:24:54.585 &amp#27;[34mINFO &amp#27;[0;39m &amp#27;[36mo.s.test.context.transaction.TransactionContext.endTransaction:139&amp#27;[0;39m - Rolled back transaction for test: [DefaultTestContext@27f6854b testClass = AdminRestControllerTest, testInstance = ru.restaurantvoting.web.user.AdminRestControllerTest@72499396, testMethod = updateDuplicate@AdminRestControllerTest, testException = java.lang.AssertionError: Status expected:<409> but was:<403>, mergedContextConfiguration = [WebMergedContextConfiguration@65145fb7 testClass = AdminRestControllerTest, locations = '{classpath:spring/spring-app.xml, classpath:spring/spring-mvc.xml}', classes = '{}', contextInitializerClasses = '[]', activeProfiles = '{}', propertySourceLocations = '{}', propertySourceProperties = '{}', contextCustomizers = set[[empty]], resourceBasePath = 'src/main/webapp', contextLoader = 'org.springframework.test.context.web.WebDelegatingSmartContextLoader', parent = [null]], attributes = map['org.springframework.test.context.web.ServletTestExecutionListener.populatedRequestContextHolder' -> true, 'org.springframework.test.context.web.ServletTestExecutionListener.resetRequestContextHolder' -> true]]
]]></system-out>
  </testcase>
  <testcase name="delete" classname="ru.restaurantvoting.web.user.AdminRestControllerTest" time="0.012">
    <failure message="Status expected:&lt;204&gt; but was:&lt;403&gt;" type="java.lang.AssertionError"><![CDATA[java.lang.AssertionError: Status expected:<204> but was:<403>
	at ru.restaurantvoting.web.user.AdminRestControllerTest.delete(AdminRestControllerTest.java:64)
]]></failure>
    <system-out><![CDATA[01:24:54.586 &amp#27;[34mINFO &amp#27;[0;39m &amp#27;[36morg.springframework.mock.web.MockServletContext.log:444&amp#27;[0;39m - Initializing Spring TestDispatcherServlet ''
01:24:54.586 &amp#27;[34mINFO &amp#27;[0;39m &amp#27;[36morg.springframework.web.servlet.FrameworkServlet.initServletBean:524&amp#27;[0;39m - Initializing Servlet ''
01:24:54.588 &amp#27;[34mINFO &amp#27;[0;39m &amp#27;[36morg.springframework.web.servlet.FrameworkServlet.initServletBean:546&amp#27;[0;39m - Completed initialization in 2 ms
01:24:54.589 &amp#27;[34mINFO &amp#27;[0;39m &amp#27;[36mo.s.test.context.transaction.TransactionContext.startTransaction:107&amp#27;[0;39m - Began transaction (1) for test context [DefaultTestContext@27f6854b testClass = AdminRestControllerTest, testInstance = ru.restaurantvoting.web.user.AdminRestControllerTest@5b256ab5, testMethod = delete@AdminRestControllerTest, testException = [null], mergedContextConfiguration = [WebMergedContextConfiguration@65145fb7 testClass = AdminRestControllerTest, locations = '{classpath:spring/spring-app.xml, classpath:spring/spring-mvc.xml}', classes = '{}', contextInitializerClasses = '[]', activeProfiles = '{}', propertySourceLocations = '{}', propertySourceProperties = '{}', contextCustomizers = set[[empty]], resourceBasePath = 'src/main/webapp', contextLoader = 'org.springframework.test.context.web.WebDelegatingSmartContextLoader', parent = [null]], attributes = map['org.springframework.test.context.web.ServletTestExecutionListener.populatedRequestContextHolder' -> true, 'org.springframework.test.context.web.ServletTestExecutionListener.resetRequestContextHolder' -> true]]; transaction manager [org.springframework.orm.jpa.JpaTransactionManager@74ab8610]; rollback [true]
&amp#27;[35mStart stopWatch
&amp#27;[0;39mHibernate: 
    /* select
        generatedAlias0 
    from
        User as generatedAlias0 
    where
        generatedAlias0.email=:param0 */ select
            user0_.id as id1_4_,
            user0_.name as name2_4_,
            user0_.email as email3_4_,
            user0_.enabled as enabled4_4_,
            user0_.password as password5_4_,
            user0_.registered as register6_4_ 
        from
            users user0_ 
        where
            user0_.email=?

MockHttpServletRequest:
      HTTP Method = DELETE
      Request URI = /rest/admin/users/100000
       Parameters = {}
          Headers = [Authorization:"Basic YWRtaW5AZW1haWwuY29tOmFkbWluX3Bhc3N3b3Jk"]
             Body = null
    Session Attrs = {}

Handler:
             Type = null

Async:
    Async started = false
     Async result = null

Resolved Exception:
             Type = null

ModelAndView:
        View name = null
             View = null
            Model = null

FlashMap:
       Attributes = null

MockHttpServletResponse:
           Status = 403
    Error message = Forbidden
          Headers = [Cache-Control:"no-cache, no-store, max-age=0, must-revalidate", Pragma:"no-cache", Expires:"0", X-XSS-Protection:"1; mode=block", X-Frame-Options:"DENY", X-Content-Type-Options:"nosniff"]
     Content type = null
             Body = 
    Forwarded URL = null
   Redirected URL = null
          Cookies = []
&amp#27;[35mstop stopWatch
&amp#27;[0;39m01:24:54.599 &amp#27;[34mINFO &amp#27;[0;39m &amp#27;[36mo.s.test.context.transaction.TransactionContext.endTransaction:139&amp#27;[0;39m - Rolled back transaction for test: [DefaultTestContext@27f6854b testClass = AdminRestControllerTest, testInstance = ru.restaurantvoting.web.user.AdminRestControllerTest@5b256ab5, testMethod = delete@AdminRestControllerTest, testException = java.lang.AssertionError: Status expected:<204> but was:<403>, mergedContextConfiguration = [WebMergedContextConfiguration@65145fb7 testClass = AdminRestControllerTest, locations = '{classpath:spring/spring-app.xml, classpath:spring/spring-mvc.xml}', classes = '{}', contextInitializerClasses = '[]', activeProfiles = '{}', propertySourceLocations = '{}', propertySourceProperties = '{}', contextCustomizers = set[[empty]], resourceBasePath = 'src/main/webapp', contextLoader = 'org.springframework.test.context.web.WebDelegatingSmartContextLoader', parent = [null]], attributes = map['org.springframework.test.context.web.ServletTestExecutionListener.populatedRequestContextHolder' -> true, 'org.springframework.test.context.web.ServletTestExecutionListener.resetRequestContextHolder' -> true]]
]]></system-out>
  </testcase>
  <testcase name="getAll" classname="ru.restaurantvoting.web.user.AdminRestControllerTest" time="0.007">
    <failure message="Status expected:&lt;200&gt; but was:&lt;403&gt;" type="java.lang.AssertionError"><![CDATA[java.lang.AssertionError: Status expected:<200> but was:<403>
	at ru.restaurantvoting.web.user.AdminRestControllerTest.getAll(AdminRestControllerTest.java:123)
]]></failure>
    <system-out><![CDATA[01:24:54.600 &amp#27;[34mINFO &amp#27;[0;39m &amp#27;[36morg.springframework.mock.web.MockServletContext.log:444&amp#27;[0;39m - Initializing Spring TestDispatcherServlet ''
01:24:54.601 &amp#27;[34mINFO &amp#27;[0;39m &amp#27;[36morg.springframework.web.servlet.FrameworkServlet.initServletBean:524&amp#27;[0;39m - Initializing Servlet ''
01:24:54.602 &amp#27;[34mINFO &amp#27;[0;39m &amp#27;[36morg.springframework.web.servlet.FrameworkServlet.initServletBean:546&amp#27;[0;39m - Completed initialization in 1 ms
01:24:54.603 &amp#27;[34mINFO &amp#27;[0;39m &amp#27;[36mo.s.test.context.transaction.TransactionContext.startTransaction:107&amp#27;[0;39m - Began transaction (1) for test context [DefaultTestContext@27f6854b testClass = AdminRestControllerTest, testInstance = ru.restaurantvoting.web.user.AdminRestControllerTest@297da2c3, testMethod = getAll@AdminRestControllerTest, testException = [null], mergedContextConfiguration = [WebMergedContextConfiguration@65145fb7 testClass = AdminRestControllerTest, locations = '{classpath:spring/spring-app.xml, classpath:spring/spring-mvc.xml}', classes = '{}', contextInitializerClasses = '[]', activeProfiles = '{}', propertySourceLocations = '{}', propertySourceProperties = '{}', contextCustomizers = set[[empty]], resourceBasePath = 'src/main/webapp', contextLoader = 'org.springframework.test.context.web.WebDelegatingSmartContextLoader', parent = [null]], attributes = map['org.springframework.test.context.web.ServletTestExecutionListener.populatedRequestContextHolder' -> true, 'org.springframework.test.context.web.ServletTestExecutionListener.resetRequestContextHolder' -> true]]; transaction manager [org.springframework.orm.jpa.JpaTransactionManager@74ab8610]; rollback [true]
&amp#27;[35mStart stopWatch
&amp#27;[0;39mHibernate: 
    /* select
        generatedAlias0 
    from
        User as generatedAlias0 
    where
        generatedAlias0.email=:param0 */ select
            user0_.id as id1_4_,
            user0_.name as name2_4_,
            user0_.email as email3_4_,
            user0_.enabled as enabled4_4_,
            user0_.password as password5_4_,
            user0_.registered as register6_4_ 
        from
            users user0_ 
        where
            user0_.email=?
&amp#27;[35mstop stopWatch
&amp#27;[0;39m01:24:54.607 &amp#27;[34mINFO &amp#27;[0;39m &amp#27;[36mo.s.test.context.transaction.TransactionContext.endTransaction:139&amp#27;[0;39m - Rolled back transaction for test: [DefaultTestContext@27f6854b testClass = AdminRestControllerTest, testInstance = ru.restaurantvoting.web.user.AdminRestControllerTest@297da2c3, testMethod = getAll@AdminRestControllerTest, testException = java.lang.AssertionError: Status expected:<200> but was:<403>, mergedContextConfiguration = [WebMergedContextConfiguration@65145fb7 testClass = AdminRestControllerTest, locations = '{classpath:spring/spring-app.xml, classpath:spring/spring-mvc.xml}', classes = '{}', contextInitializerClasses = '[]', activeProfiles = '{}', propertySourceLocations = '{}', propertySourceProperties = '{}', contextCustomizers = set[[empty]], resourceBasePath = 'src/main/webapp', contextLoader = 'org.springframework.test.context.web.WebDelegatingSmartContextLoader', parent = [null]], attributes = map['org.springframework.test.context.web.ServletTestExecutionListener.populatedRequestContextHolder' -> true, 'org.springframework.test.context.web.ServletTestExecutionListener.resetRequestContextHolder' -> true]]
]]></system-out>
  </testcase>
  <testcase name="update" classname="ru.restaurantvoting.web.user.AdminRestControllerTest" time="0.008">
    <failure message="Status expected:&lt;204&gt; but was:&lt;403&gt;" type="java.lang.AssertionError"><![CDATA[java.lang.AssertionError: Status expected:<204> but was:<403>
	at ru.restaurantvoting.web.user.AdminRestControllerTest.update(AdminRestControllerTest.java:98)
]]></failure>
    <system-out><![CDATA[01:24:54.608 &amp#27;[34mINFO &amp#27;[0;39m &amp#27;[36morg.springframework.mock.web.MockServletContext.log:444&amp#27;[0;39m - Initializing Spring TestDispatcherServlet ''
01:24:54.609 &amp#27;[34mINFO &amp#27;[0;39m &amp#27;[36morg.springframework.web.servlet.FrameworkServlet.initServletBean:524&amp#27;[0;39m - Initializing Servlet ''
01:24:54.610 &amp#27;[34mINFO &amp#27;[0;39m &amp#27;[36morg.springframework.web.servlet.FrameworkServlet.initServletBean:546&amp#27;[0;39m - Completed initialization in 1 ms
01:24:54.612 &amp#27;[34mINFO &amp#27;[0;39m &amp#27;[36mo.s.test.context.transaction.TransactionContext.startTransaction:107&amp#27;[0;39m - Began transaction (1) for test context [DefaultTestContext@27f6854b testClass = AdminRestControllerTest, testInstance = ru.restaurantvoting.web.user.AdminRestControllerTest@69815126, testMethod = update@AdminRestControllerTest, testException = [null], mergedContextConfiguration = [WebMergedContextConfiguration@65145fb7 testClass = AdminRestControllerTest, locations = '{classpath:spring/spring-app.xml, classpath:spring/spring-mvc.xml}', classes = '{}', contextInitializerClasses = '[]', activeProfiles = '{}', propertySourceLocations = '{}', propertySourceProperties = '{}', contextCustomizers = set[[empty]], resourceBasePath = 'src/main/webapp', contextLoader = 'org.springframework.test.context.web.WebDelegatingSmartContextLoader', parent = [null]], attributes = map['org.springframework.test.context.web.ServletTestExecutionListener.populatedRequestContextHolder' -> true, 'org.springframework.test.context.web.ServletTestExecutionListener.resetRequestContextHolder' -> true]]; transaction manager [org.springframework.orm.jpa.JpaTransactionManager@74ab8610]; rollback [true]
&amp#27;[35mStart stopWatch
&amp#27;[0;39mHibernate: 
    /* select
        generatedAlias0 
    from
        User as generatedAlias0 
    where
        generatedAlias0.email=:param0 */ select
            user0_.id as id1_4_,
            user0_.name as name2_4_,
            user0_.email as email3_4_,
            user0_.enabled as enabled4_4_,
            user0_.password as password5_4_,
            user0_.registered as register6_4_ 
        from
            users user0_ 
        where
            user0_.email=?
&amp#27;[35mstop stopWatch
&amp#27;[0;39m01:24:54.617 &amp#27;[34mINFO &amp#27;[0;39m &amp#27;[36mo.s.test.context.transaction.TransactionContext.endTransaction:139&amp#27;[0;39m - Rolled back transaction for test: [DefaultTestContext@27f6854b testClass = AdminRestControllerTest, testInstance = ru.restaurantvoting.web.user.AdminRestControllerTest@69815126, testMethod = update@AdminRestControllerTest, testException = java.lang.AssertionError: Status expected:<204> but was:<403>, mergedContextConfiguration = [WebMergedContextConfiguration@65145fb7 testClass = AdminRestControllerTest, locations = '{classpath:spring/spring-app.xml, classpath:spring/spring-mvc.xml}', classes = '{}', contextInitializerClasses = '[]', activeProfiles = '{}', propertySourceLocations = '{}', propertySourceProperties = '{}', contextCustomizers = set[[empty]], resourceBasePath = 'src/main/webapp', contextLoader = 'org.springframework.test.context.web.WebDelegatingSmartContextLoader', parent = [null]], attributes = map['org.springframework.test.context.web.ServletTestExecutionListener.populatedRequestContextHolder' -> true, 'org.springframework.test.context.web.ServletTestExecutionListener.resetRequestContextHolder' -> true]]
]]></system-out>
  </testcase>
  <testcase name="getNotFound" classname="ru.restaurantvoting.web.user.AdminRestControllerTest" time="0.007">
    <failure message="Status expected:&lt;422&gt; but was:&lt;403&gt;" type="java.lang.AssertionError"><![CDATA[java.lang.AssertionError: Status expected:<422> but was:<403>
	at ru.restaurantvoting.web.user.AdminRestControllerTest.getNotFound(AdminRestControllerTest.java:46)
]]></failure>
    <system-out><![CDATA[01:24:54.618 &amp#27;[34mINFO &amp#27;[0;39m &amp#27;[36morg.springframework.mock.web.MockServletContext.log:444&amp#27;[0;39m - Initializing Spring TestDispatcherServlet ''
01:24:54.618 &amp#27;[34mINFO &amp#27;[0;39m &amp#27;[36morg.springframework.web.servlet.FrameworkServlet.initServletBean:524&amp#27;[0;39m - Initializing Servlet ''
01:24:54.619 &amp#27;[34mINFO &amp#27;[0;39m &amp#27;[36morg.springframework.web.servlet.FrameworkServlet.initServletBean:546&amp#27;[0;39m - Completed initialization in 1 ms
01:24:54.620 &amp#27;[34mINFO &amp#27;[0;39m &amp#27;[36mo.s.test.context.transaction.TransactionContext.startTransaction:107&amp#27;[0;39m - Began transaction (1) for test context [DefaultTestContext@27f6854b testClass = AdminRestControllerTest, testInstance = ru.restaurantvoting.web.user.AdminRestControllerTest@63f08f9f, testMethod = getNotFound@AdminRestControllerTest, testException = [null], mergedContextConfiguration = [WebMergedContextConfiguration@65145fb7 testClass = AdminRestControllerTest, locations = '{classpath:spring/spring-app.xml, classpath:spring/spring-mvc.xml}', classes = '{}', contextInitializerClasses = '[]', activeProfiles = '{}', propertySourceLocations = '{}', propertySourceProperties = '{}', contextCustomizers = set[[empty]], resourceBasePath = 'src/main/webapp', contextLoader = 'org.springframework.test.context.web.WebDelegatingSmartContextLoader', parent = [null]], attributes = map['org.springframework.test.context.web.ServletTestExecutionListener.populatedRequestContextHolder' -> true, 'org.springframework.test.context.web.ServletTestExecutionListener.resetRequestContextHolder' -> true]]; transaction manager [org.springframework.orm.jpa.JpaTransactionManager@74ab8610]; rollback [true]
&amp#27;[35mStart stopWatch
&amp#27;[0;39mHibernate: 
    /* select
        generatedAlias0 
    from
        User as generatedAlias0 
    where
        generatedAlias0.email=:param0 */ select
            user0_.id as id1_4_,
            user0_.name as name2_4_,
            user0_.email as email3_4_,
            user0_.enabled as enabled4_4_,
            user0_.password as password5_4_,
            user0_.registered as register6_4_ 
        from
            users user0_ 
        where
            user0_.email=?
&amp#27;[35mstop stopWatch
&amp#27;[0;39m01:24:54.625 &amp#27;[34mINFO &amp#27;[0;39m &amp#27;[36mo.s.test.context.transaction.TransactionContext.endTransaction:139&amp#27;[0;39m - Rolled back transaction for test: [DefaultTestContext@27f6854b testClass = AdminRestControllerTest, testInstance = ru.restaurantvoting.web.user.AdminRestControllerTest@63f08f9f, testMethod = getNotFound@AdminRestControllerTest, testException = java.lang.AssertionError: Status expected:<422> but was:<403>, mergedContextConfiguration = [WebMergedContextConfiguration@65145fb7 testClass = AdminRestControllerTest, locations = '{classpath:spring/spring-app.xml, classpath:spring/spring-mvc.xml}', classes = '{}', contextInitializerClasses = '[]', activeProfiles = '{}', propertySourceLocations = '{}', propertySourceProperties = '{}', contextCustomizers = set[[empty]], resourceBasePath = 'src/main/webapp', contextLoader = 'org.springframework.test.context.web.WebDelegatingSmartContextLoader', parent = [null]], attributes = map['org.springframework.test.context.web.ServletTestExecutionListener.populatedRequestContextHolder' -> true, 'org.springframework.test.context.web.ServletTestExecutionListener.resetRequestContextHolder' -> true]]
]]></system-out>
  </testcase>
  <testcase name="deleteNotFound" classname="ru.restaurantvoting.web.user.AdminRestControllerTest" time="0.011">
    <failure message="Status expected:&lt;422&gt; but was:&lt;403&gt;" type="java.lang.AssertionError"><![CDATA[java.lang.AssertionError: Status expected:<422> but was:<403>
	at ru.restaurantvoting.web.user.AdminRestControllerTest.deleteNotFound(AdminRestControllerTest.java:72)
]]></failure>
    <system-out><![CDATA[01:24:54.626 &amp#27;[34mINFO &amp#27;[0;39m &amp#27;[36morg.springframework.mock.web.MockServletContext.log:444&amp#27;[0;39m - Initializing Spring TestDispatcherServlet ''
01:24:54.626 &amp#27;[34mINFO &amp#27;[0;39m &amp#27;[36morg.springframework.web.servlet.FrameworkServlet.initServletBean:524&amp#27;[0;39m - Initializing Servlet ''
01:24:54.627 &amp#27;[34mINFO &amp#27;[0;39m &amp#27;[36morg.springframework.web.servlet.FrameworkServlet.initServletBean:546&amp#27;[0;39m - Completed initialization in 1 ms
01:24:54.629 &amp#27;[34mINFO &amp#27;[0;39m &amp#27;[36mo.s.test.context.transaction.TransactionContext.startTransaction:107&amp#27;[0;39m - Began transaction (1) for test context [DefaultTestContext@27f6854b testClass = AdminRestControllerTest, testInstance = ru.restaurantvoting.web.user.AdminRestControllerTest@1b914e36, testMethod = deleteNotFound@AdminRestControllerTest, testException = [null], mergedContextConfiguration = [WebMergedContextConfiguration@65145fb7 testClass = AdminRestControllerTest, locations = '{classpath:spring/spring-app.xml, classpath:spring/spring-mvc.xml}', classes = '{}', contextInitializerClasses = '[]', activeProfiles = '{}', propertySourceLocations = '{}', propertySourceProperties = '{}', contextCustomizers = set[[empty]], resourceBasePath = 'src/main/webapp', contextLoader = 'org.springframework.test.context.web.WebDelegatingSmartContextLoader', parent = [null]], attributes = map['org.springframework.test.context.web.ServletTestExecutionListener.populatedRequestContextHolder' -> true, 'org.springframework.test.context.web.ServletTestExecutionListener.resetRequestContextHolder' -> true]]; transaction manager [org.springframework.orm.jpa.JpaTransactionManager@74ab8610]; rollback [true]
&amp#27;[35mStart stopWatch
&amp#27;[0;39mHibernate: 
    /* select
        generatedAlias0 
    from
        User as generatedAlias0 
    where
        generatedAlias0.email=:param0 */ select
            user0_.id as id1_4_,
            user0_.name as name2_4_,
            user0_.email as email3_4_,
            user0_.enabled as enabled4_4_,
            user0_.password as password5_4_,
            user0_.registered as register6_4_ 
        from
            users user0_ 
        where
            user0_.email=?
&amp#27;[35mstop stopWatch
&amp#27;[0;39m01:24:54.633 &amp#27;[34mINFO &amp#27;[0;39m &amp#27;[36mo.s.test.context.transaction.TransactionContext.endTransaction:139&amp#27;[0;39m - Rolled back transaction for test: [DefaultTestContext@27f6854b testClass = AdminRestControllerTest, testInstance = ru.restaurantvoting.web.user.AdminRestControllerTest@1b914e36, testMethod = deleteNotFound@AdminRestControllerTest, testException = java.lang.AssertionError: Status expected:<422> but was:<403>, mergedContextConfiguration = [WebMergedContextConfiguration@65145fb7 testClass = AdminRestControllerTest, locations = '{classpath:spring/spring-app.xml, classpath:spring/spring-mvc.xml}', classes = '{}', contextInitializerClasses = '[]', activeProfiles = '{}', propertySourceLocations = '{}', propertySourceProperties = '{}', contextCustomizers = set[[empty]], resourceBasePath = 'src/main/webapp', contextLoader = 'org.springframework.test.context.web.WebDelegatingSmartContextLoader', parent = [null]], attributes = map['org.springframework.test.context.web.ServletTestExecutionListener.populatedRequestContextHolder' -> true, 'org.springframework.test.context.web.ServletTestExecutionListener.resetRequestContextHolder' -> true]]
]]></system-out>
  </testcase>
  <testcase name="createDuplicate" classname="ru.restaurantvoting.web.user.AdminRestControllerTest" time="0.009">
    <failure message="Status expected:&lt;409&gt; but was:&lt;403&gt;" type="java.lang.AssertionError"><![CDATA[java.lang.AssertionError: Status expected:<409> but was:<403>
	at ru.restaurantvoting.web.user.AdminRestControllerTest.createDuplicate(AdminRestControllerTest.java:177)
]]></failure>
    <system-out><![CDATA[01:24:54.639 &amp#27;[34mINFO &amp#27;[0;39m &amp#27;[36morg.springframework.mock.web.MockServletContext.log:444&amp#27;[0;39m - Initializing Spring TestDispatcherServlet ''
01:24:54.640 &amp#27;[34mINFO &amp#27;[0;39m &amp#27;[36morg.springframework.web.servlet.FrameworkServlet.initServletBean:524&amp#27;[0;39m - Initializing Servlet ''
01:24:54.642 &amp#27;[34mINFO &amp#27;[0;39m &amp#27;[36morg.springframework.web.servlet.FrameworkServlet.initServletBean:546&amp#27;[0;39m - Completed initialization in 1 ms
01:24:54.644 &amp#27;[34mINFO &amp#27;[0;39m &amp#27;[36mo.s.test.context.transaction.TransactionContext.startTransaction:107&amp#27;[0;39m - Began transaction (1) for test context [DefaultTestContext@27f6854b testClass = AdminRestControllerTest, testInstance = ru.restaurantvoting.web.user.AdminRestControllerTest@6bafe3b0, testMethod = createDuplicate@AdminRestControllerTest, testException = [null], mergedContextConfiguration = [WebMergedContextConfiguration@65145fb7 testClass = AdminRestControllerTest, locations = '{classpath:spring/spring-app.xml, classpath:spring/spring-mvc.xml}', classes = '{}', contextInitializerClasses = '[]', activeProfiles = '{}', propertySourceLocations = '{}', propertySourceProperties = '{}', contextCustomizers = set[[empty]], resourceBasePath = 'src/main/webapp', contextLoader = 'org.springframework.test.context.web.WebDelegatingSmartContextLoader', parent = [null]], attributes = map['org.springframework.test.context.web.ServletTestExecutionListener.populatedRequestContextHolder' -> true, 'org.springframework.test.context.web.ServletTestExecutionListener.resetRequestContextHolder' -> true]]; transaction manager [org.springframework.orm.jpa.JpaTransactionManager@74ab8610]; rollback [true]
&amp#27;[35mStart stopWatch
&amp#27;[0;39mHibernate: 
    /* select
        generatedAlias0 
    from
        User as generatedAlias0 
    where
        generatedAlias0.email=:param0 */ select
            user0_.id as id1_4_,
            user0_.name as name2_4_,
            user0_.email as email3_4_,
            user0_.enabled as enabled4_4_,
            user0_.password as password5_4_,
            user0_.registered as register6_4_ 
        from
            users user0_ 
        where
            user0_.email=?

MockHttpServletRequest:
      HTTP Method = POST
      Request URI = /rest/admin/users/
       Parameters = {}
          Headers = [Content-Type:"application/json;charset=UTF-8", Authorization:"Basic YWRtaW5AZW1haWwuY29tOmFkbWluX3Bhc3N3b3Jk"]
             Body = {"name":"newUser","email":"admin@email.com","password":"password","enabled":true,"registered":"2021-01-02T22:24:54.644+0000","roles":["USER"],"votes":[]}
    Session Attrs = {}

Handler:
             Type = null

Async:
    Async started = false
     Async result = null

Resolved Exception:
             Type = null

ModelAndView:
        View name = null
             View = null
            Model = null

FlashMap:
       Attributes = null

MockHttpServletResponse:
           Status = 403
    Error message = Forbidden
          Headers = [Cache-Control:"no-cache, no-store, max-age=0, must-revalidate", Pragma:"no-cache", Expires:"0", X-XSS-Protection:"1; mode=block", X-Frame-Options:"DENY", X-Content-Type-Options:"nosniff"]
     Content type = null
             Body = 
    Forwarded URL = null
   Redirected URL = null
          Cookies = []
&amp#27;[35mstop stopWatch
&amp#27;[0;39m01:24:54.650 &amp#27;[34mINFO &amp#27;[0;39m &amp#27;[36mo.s.test.context.transaction.TransactionContext.endTransaction:139&amp#27;[0;39m - Rolled back transaction for test: [DefaultTestContext@27f6854b testClass = AdminRestControllerTest, testInstance = ru.restaurantvoting.web.user.AdminRestControllerTest@6bafe3b0, testMethod = createDuplicate@AdminRestControllerTest, testException = java.lang.AssertionError: Status expected:<409> but was:<403>, mergedContextConfiguration = [WebMergedContextConfiguration@65145fb7 testClass = AdminRestControllerTest, locations = '{classpath:spring/spring-app.xml, classpath:spring/spring-mvc.xml}', classes = '{}', contextInitializerClasses = '[]', activeProfiles = '{}', propertySourceLocations = '{}', propertySourceProperties = '{}', contextCustomizers = set[[empty]], resourceBasePath = 'src/main/webapp', contextLoader = 'org.springframework.test.context.web.WebDelegatingSmartContextLoader', parent = [null]], attributes = map['org.springframework.test.context.web.ServletTestExecutionListener.populatedRequestContextHolder' -> true, 'org.springframework.test.context.web.ServletTestExecutionListener.resetRequestContextHolder' -> true]]
]]></system-out>
  </testcase>
  <testcase name="createInvalid" classname="ru.restaurantvoting.web.user.AdminRestControllerTest" time="0.009">
    <failure message="Status expected:&lt;422&gt; but was:&lt;403&gt;" type="java.lang.AssertionError"><![CDATA[java.lang.AssertionError: Status expected:<422> but was:<403>
	at ru.restaurantvoting.web.user.AdminRestControllerTest.createInvalid(AdminRestControllerTest.java:136)
]]></failure>
    <system-out><![CDATA[01:24:54.651 &amp#27;[34mINFO &amp#27;[0;39m &amp#27;[36morg.springframework.mock.web.MockServletContext.log:444&amp#27;[0;39m - Initializing Spring TestDispatcherServlet ''
01:24:54.651 &amp#27;[34mINFO &amp#27;[0;39m &amp#27;[36morg.springframework.web.servlet.FrameworkServlet.initServletBean:524&amp#27;[0;39m - Initializing Servlet ''
01:24:54.652 &amp#27;[34mINFO &amp#27;[0;39m &amp#27;[36morg.springframework.web.servlet.FrameworkServlet.initServletBean:546&amp#27;[0;39m - Completed initialization in 1 ms
01:24:54.653 &amp#27;[34mINFO &amp#27;[0;39m &amp#27;[36mo.s.test.context.transaction.TransactionContext.startTransaction:107&amp#27;[0;39m - Began transaction (1) for test context [DefaultTestContext@27f6854b testClass = AdminRestControllerTest, testInstance = ru.restaurantvoting.web.user.AdminRestControllerTest@336b7da4, testMethod = createInvalid@AdminRestControllerTest, testException = [null], mergedContextConfiguration = [WebMergedContextConfiguration@65145fb7 testClass = AdminRestControllerTest, locations = '{classpath:spring/spring-app.xml, classpath:spring/spring-mvc.xml}', classes = '{}', contextInitializerClasses = '[]', activeProfiles = '{}', propertySourceLocations = '{}', propertySourceProperties = '{}', contextCustomizers = set[[empty]], resourceBasePath = 'src/main/webapp', contextLoader = 'org.springframework.test.context.web.WebDelegatingSmartContextLoader', parent = [null]], attributes = map['org.springframework.test.context.web.ServletTestExecutionListener.populatedRequestContextHolder' -> true, 'org.springframework.test.context.web.ServletTestExecutionListener.resetRequestContextHolder' -> true]]; transaction manager [org.springframework.orm.jpa.JpaTransactionManager@74ab8610]; rollback [true]
&amp#27;[35mStart stopWatch
&amp#27;[0;39mHibernate: 
    /* select
        generatedAlias0 
    from
        User as generatedAlias0 
    where
        generatedAlias0.email=:param0 */ select
            user0_.id as id1_4_,
            user0_.name as name2_4_,
            user0_.email as email3_4_,
            user0_.enabled as enabled4_4_,
            user0_.password as password5_4_,
            user0_.registered as register6_4_ 
        from
            users user0_ 
        where
            user0_.email=?

MockHttpServletRequest:
      HTTP Method = POST
      Request URI = /rest/admin/users/
       Parameters = {}
          Headers = [Content-Type:"application/json;charset=UTF-8", Authorization:"Basic YWRtaW5AZW1haWwuY29tOmFkbWluX3Bhc3N3b3Jk"]
             Body = {"name":"","email":"new@mail.com","password":"password","enabled":true,"registered":"2021-01-02T22:24:54.654+0000","roles":["USER"],"votes":[]}
    Session Attrs = {}

Handler:
             Type = null

Async:
    Async started = false
     Async result = null

Resolved Exception:
             Type = null

ModelAndView:
        View name = null
             View = null
            Model = null

FlashMap:
       Attributes = null

MockHttpServletResponse:
           Status = 403
    Error message = Forbidden
          Headers = [Cache-Control:"no-cache, no-store, max-age=0, must-revalidate", Pragma:"no-cache", Expires:"0", X-XSS-Protection:"1; mode=block", X-Frame-Options:"DENY", X-Content-Type-Options:"nosniff"]
     Content type = null
             Body = 
    Forwarded URL = null
   Redirected URL = null
          Cookies = []
&amp#27;[35mstop stopWatch
&amp#27;[0;39m01:24:54.660 &amp#27;[34mINFO &amp#27;[0;39m &amp#27;[36mo.s.test.context.transaction.TransactionContext.endTransaction:139&amp#27;[0;39m - Rolled back transaction for test: [DefaultTestContext@27f6854b testClass = AdminRestControllerTest, testInstance = ru.restaurantvoting.web.user.AdminRestControllerTest@336b7da4, testMethod = createInvalid@AdminRestControllerTest, testException = java.lang.AssertionError: Status expected:<422> but was:<403>, mergedContextConfiguration = [WebMergedContextConfiguration@65145fb7 testClass = AdminRestControllerTest, locations = '{classpath:spring/spring-app.xml, classpath:spring/spring-mvc.xml}', classes = '{}', contextInitializerClasses = '[]', activeProfiles = '{}', propertySourceLocations = '{}', propertySourceProperties = '{}', contextCustomizers = set[[empty]], resourceBasePath = 'src/main/webapp', contextLoader = 'org.springframework.test.context.web.WebDelegatingSmartContextLoader', parent = [null]], attributes = map['org.springframework.test.context.web.ServletTestExecutionListener.populatedRequestContextHolder' -> true, 'org.springframework.test.context.web.ServletTestExecutionListener.resetRequestContextHolder' -> true]]
]]></system-out>
  </testcase>
  <testcase name="get" classname="ru.restaurantvoting.web.user.AdminRestControllerTest" time="0.006">
    <failure message="Status expected:&lt;200&gt; but was:&lt;403&gt;" type="java.lang.AssertionError"><![CDATA[java.lang.AssertionError: Status expected:<200> but was:<403>
	at ru.restaurantvoting.web.user.AdminRestControllerTest.get(AdminRestControllerTest.java:35)
]]></failure>
    <system-out><![CDATA[01:24:54.661 &amp#27;[34mINFO &amp#27;[0;39m &amp#27;[36morg.springframework.mock.web.MockServletContext.log:444&amp#27;[0;39m - Initializing Spring TestDispatcherServlet ''
01:24:54.662 &amp#27;[34mINFO &amp#27;[0;39m &amp#27;[36morg.springframework.web.servlet.FrameworkServlet.initServletBean:524&amp#27;[0;39m - Initializing Servlet ''
01:24:54.663 &amp#27;[34mINFO &amp#27;[0;39m &amp#27;[36morg.springframework.web.servlet.FrameworkServlet.initServletBean:546&amp#27;[0;39m - Completed initialization in 1 ms
01:24:54.664 &amp#27;[34mINFO &amp#27;[0;39m &amp#27;[36mo.s.test.context.transaction.TransactionContext.startTransaction:107&amp#27;[0;39m - Began transaction (1) for test context [DefaultTestContext@27f6854b testClass = AdminRestControllerTest, testInstance = ru.restaurantvoting.web.user.AdminRestControllerTest@15844237, testMethod = get@AdminRestControllerTest, testException = [null], mergedContextConfiguration = [WebMergedContextConfiguration@65145fb7 testClass = AdminRestControllerTest, locations = '{classpath:spring/spring-app.xml, classpath:spring/spring-mvc.xml}', classes = '{}', contextInitializerClasses = '[]', activeProfiles = '{}', propertySourceLocations = '{}', propertySourceProperties = '{}', contextCustomizers = set[[empty]], resourceBasePath = 'src/main/webapp', contextLoader = 'org.springframework.test.context.web.WebDelegatingSmartContextLoader', parent = [null]], attributes = map['org.springframework.test.context.web.ServletTestExecutionListener.populatedRequestContextHolder' -> true, 'org.springframework.test.context.web.ServletTestExecutionListener.resetRequestContextHolder' -> true]]; transaction manager [org.springframework.orm.jpa.JpaTransactionManager@74ab8610]; rollback [true]
&amp#27;[35mStart stopWatch
&amp#27;[0;39mHibernate: 
    /* select
        generatedAlias0 
    from
        User as generatedAlias0 
    where
        generatedAlias0.email=:param0 */ select
            user0_.id as id1_4_,
            user0_.name as name2_4_,
            user0_.email as email3_4_,
            user0_.enabled as enabled4_4_,
            user0_.password as password5_4_,
            user0_.registered as register6_4_ 
        from
            users user0_ 
        where
            user0_.email=?
&amp#27;[35mstop stopWatch
&amp#27;[0;39m01:24:54.667 &amp#27;[34mINFO &amp#27;[0;39m &amp#27;[36mo.s.test.context.transaction.TransactionContext.endTransaction:139&amp#27;[0;39m - Rolled back transaction for test: [DefaultTestContext@27f6854b testClass = AdminRestControllerTest, testInstance = ru.restaurantvoting.web.user.AdminRestControllerTest@15844237, testMethod = get@AdminRestControllerTest, testException = java.lang.AssertionError: Status expected:<200> but was:<403>, mergedContextConfiguration = [WebMergedContextConfiguration@65145fb7 testClass = AdminRestControllerTest, locations = '{classpath:spring/spring-app.xml, classpath:spring/spring-mvc.xml}', classes = '{}', contextInitializerClasses = '[]', activeProfiles = '{}', propertySourceLocations = '{}', propertySourceProperties = '{}', contextCustomizers = set[[empty]], resourceBasePath = 'src/main/webapp', contextLoader = 'org.springframework.test.context.web.WebDelegatingSmartContextLoader', parent = [null]], attributes = map['org.springframework.test.context.web.ServletTestExecutionListener.populatedRequestContextHolder' -> true, 'org.springframework.test.context.web.ServletTestExecutionListener.resetRequestContextHolder' -> true]]
]]></system-out>
  </testcase>
  <testcase name="updateInvalid" classname="ru.restaurantvoting.web.user.AdminRestControllerTest" time="0.007">
    <failure message="Status expected:&lt;422&gt; but was:&lt;403&gt;" type="java.lang.AssertionError"><![CDATA[java.lang.AssertionError: Status expected:<422> but was:<403>
	at ru.restaurantvoting.web.user.AdminRestControllerTest.updateInvalid(AdminRestControllerTest.java:148)
]]></failure>
    <system-out><![CDATA[01:24:54.668 &amp#27;[34mINFO &amp#27;[0;39m &amp#27;[36morg.springframework.mock.web.MockServletContext.log:444&amp#27;[0;39m - Initializing Spring TestDispatcherServlet ''
01:24:54.668 &amp#27;[34mINFO &amp#27;[0;39m &amp#27;[36morg.springframework.web.servlet.FrameworkServlet.initServletBean:524&amp#27;[0;39m - Initializing Servlet ''
01:24:54.669 &amp#27;[34mINFO &amp#27;[0;39m &amp#27;[36morg.springframework.web.servlet.FrameworkServlet.initServletBean:546&amp#27;[0;39m - Completed initialization in 1 ms
01:24:54.670 &amp#27;[34mINFO &amp#27;[0;39m &amp#27;[36mo.s.test.context.transaction.TransactionContext.startTransaction:107&amp#27;[0;39m - Began transaction (1) for test context [DefaultTestContext@27f6854b testClass = AdminRestControllerTest, testInstance = ru.restaurantvoting.web.user.AdminRestControllerTest@a49cdd6, testMethod = updateInvalid@AdminRestControllerTest, testException = [null], mergedContextConfiguration = [WebMergedContextConfiguration@65145fb7 testClass = AdminRestControllerTest, locations = '{classpath:spring/spring-app.xml, classpath:spring/spring-mvc.xml}', classes = '{}', contextInitializerClasses = '[]', activeProfiles = '{}', propertySourceLocations = '{}', propertySourceProperties = '{}', contextCustomizers = set[[empty]], resourceBasePath = 'src/main/webapp', contextLoader = 'org.springframework.test.context.web.WebDelegatingSmartContextLoader', parent = [null]], attributes = map['org.springframework.test.context.web.ServletTestExecutionListener.populatedRequestContextHolder' -> true, 'org.springframework.test.context.web.ServletTestExecutionListener.resetRequestContextHolder' -> true]]; transaction manager [org.springframework.orm.jpa.JpaTransactionManager@74ab8610]; rollback [true]
&amp#27;[35mStart stopWatch
&amp#27;[0;39mHibernate: 
    /* select
        generatedAlias0 
    from
        User as generatedAlias0 
    where
        generatedAlias0.email=:param0 */ select
            user0_.id as id1_4_,
            user0_.name as name2_4_,
            user0_.email as email3_4_,
            user0_.enabled as enabled4_4_,
            user0_.password as password5_4_,
            user0_.registered as register6_4_ 
        from
            users user0_ 
        where
            user0_.email=?
&amp#27;[35mstop stopWatch
&amp#27;[0;39m01:24:54.675 &amp#27;[34mINFO &amp#27;[0;39m &amp#27;[36mo.s.test.context.transaction.TransactionContext.endTransaction:139&amp#27;[0;39m - Rolled back transaction for test: [DefaultTestContext@27f6854b testClass = AdminRestControllerTest, testInstance = ru.restaurantvoting.web.user.AdminRestControllerTest@a49cdd6, testMethod = updateInvalid@AdminRestControllerTest, testException = java.lang.AssertionError: Status expected:<422> but was:<403>, mergedContextConfiguration = [WebMergedContextConfiguration@65145fb7 testClass = AdminRestControllerTest, locations = '{classpath:spring/spring-app.xml, classpath:spring/spring-mvc.xml}', classes = '{}', contextInitializerClasses = '[]', activeProfiles = '{}', propertySourceLocations = '{}', propertySourceProperties = '{}', contextCustomizers = set[[empty]], resourceBasePath = 'src/main/webapp', contextLoader = 'org.springframework.test.context.web.WebDelegatingSmartContextLoader', parent = [null]], attributes = map['org.springframework.test.context.web.ServletTestExecutionListener.populatedRequestContextHolder' -> true, 'org.springframework.test.context.web.ServletTestExecutionListener.resetRequestContextHolder' -> true]]
]]></system-out>
  </testcase>
  <testcase name="getUnAuth" classname="ru.restaurantvoting.web.user.AdminRestControllerTest" time="0.007"/>
  <testcase name="getByEmail" classname="ru.restaurantvoting.web.user.AdminRestControllerTest" time="0.012">
    <failure message="Status expected:&lt;200&gt; but was:&lt;403&gt;" type="java.lang.AssertionError"><![CDATA[java.lang.AssertionError: Status expected:<200> but was:<403>
	at ru.restaurantvoting.web.user.AdminRestControllerTest.getByEmail(AdminRestControllerTest.java:54)
]]></failure>
    <system-out><![CDATA[01:24:54.684 &amp#27;[34mINFO &amp#27;[0;39m &amp#27;[36morg.springframework.mock.web.MockServletContext.log:444&amp#27;[0;39m - Initializing Spring TestDispatcherServlet ''
01:24:54.685 &amp#27;[34mINFO &amp#27;[0;39m &amp#27;[36morg.springframework.web.servlet.FrameworkServlet.initServletBean:524&amp#27;[0;39m - Initializing Servlet ''
01:24:54.686 &amp#27;[34mINFO &amp#27;[0;39m &amp#27;[36morg.springframework.web.servlet.FrameworkServlet.initServletBean:546&amp#27;[0;39m - Completed initialization in 1 ms
01:24:54.687 &amp#27;[34mINFO &amp#27;[0;39m &amp#27;[36mo.s.test.context.transaction.TransactionContext.startTransaction:107&amp#27;[0;39m - Began transaction (1) for test context [DefaultTestContext@27f6854b testClass = AdminRestControllerTest, testInstance = ru.restaurantvoting.web.user.AdminRestControllerTest@7789719e, testMethod = getByEmail@AdminRestControllerTest, testException = [null], mergedContextConfiguration = [WebMergedContextConfiguration@65145fb7 testClass = AdminRestControllerTest, locations = '{classpath:spring/spring-app.xml, classpath:spring/spring-mvc.xml}', classes = '{}', contextInitializerClasses = '[]', activeProfiles = '{}', propertySourceLocations = '{}', propertySourceProperties = '{}', contextCustomizers = set[[empty]], resourceBasePath = 'src/main/webapp', contextLoader = 'org.springframework.test.context.web.WebDelegatingSmartContextLoader', parent = [null]], attributes = map['org.springframework.test.context.web.ServletTestExecutionListener.populatedRequestContextHolder' -> true, 'org.springframework.test.context.web.ServletTestExecutionListener.resetRequestContextHolder' -> true]]; transaction manager [org.springframework.orm.jpa.JpaTransactionManager@74ab8610]; rollback [true]
&amp#27;[35mStart stopWatch
&amp#27;[0;39mHibernate: 
    /* select
        generatedAlias0 
    from
        User as generatedAlias0 
    where
        generatedAlias0.email=:param0 */ select
            user0_.id as id1_4_,
            user0_.name as name2_4_,
            user0_.email as email3_4_,
            user0_.enabled as enabled4_4_,
            user0_.password as password5_4_,
            user0_.registered as register6_4_ 
        from
            users user0_ 
        where
            user0_.email=?
&amp#27;[35mstop stopWatch
&amp#27;[0;39m01:24:54.693 &amp#27;[34mINFO &amp#27;[0;39m &amp#27;[36mo.s.test.context.transaction.TransactionContext.endTransaction:139&amp#27;[0;39m - Rolled back transaction for test: [DefaultTestContext@27f6854b testClass = AdminRestControllerTest, testInstance = ru.restaurantvoting.web.user.AdminRestControllerTest@7789719e, testMethod = getByEmail@AdminRestControllerTest, testException = java.lang.AssertionError: Status expected:<200> but was:<403>, mergedContextConfiguration = [WebMergedContextConfiguration@65145fb7 testClass = AdminRestControllerTest, locations = '{classpath:spring/spring-app.xml, classpath:spring/spring-mvc.xml}', classes = '{}', contextInitializerClasses = '[]', activeProfiles = '{}', propertySourceLocations = '{}', propertySourceProperties = '{}', contextCustomizers = set[[empty]], resourceBasePath = 'src/main/webapp', contextLoader = 'org.springframework.test.context.web.WebDelegatingSmartContextLoader', parent = [null]], attributes = map['org.springframework.test.context.web.ServletTestExecutionListener.populatedRequestContextHolder' -> true, 'org.springframework.test.context.web.ServletTestExecutionListener.resetRequestContextHolder' -> true]]
]]></system-out>
  </testcase>
  <testcase name="getForbidden" classname="ru.restaurantvoting.web.user.AdminRestControllerTest" time="0.009"/>
  <testcase name="createWithLocation" classname="ru.restaurantvoting.web.user.AdminRestControllerTest" time="0.004">
    <failure message="Status expected:&lt;201&gt; but was:&lt;403&gt;" type="java.lang.AssertionError"><![CDATA[java.lang.AssertionError: Status expected:<201> but was:<403>
	at ru.restaurantvoting.web.user.AdminRestControllerTest.createWithLocation(AdminRestControllerTest.java:110)
]]></failure>
    <system-out><![CDATA[01:24:54.700 &amp#27;[34mINFO &amp#27;[0;39m &amp#27;[36morg.springframework.mock.web.MockServletContext.log:444&amp#27;[0;39m - Initializing Spring TestDispatcherServlet ''
01:24:54.700 &amp#27;[34mINFO &amp#27;[0;39m &amp#27;[36morg.springframework.web.servlet.FrameworkServlet.initServletBean:524&amp#27;[0;39m - Initializing Servlet ''
01:24:54.701 &amp#27;[34mINFO &amp#27;[0;39m &amp#27;[36morg.springframework.web.servlet.FrameworkServlet.initServletBean:546&amp#27;[0;39m - Completed initialization in 1 ms
01:24:54.702 &amp#27;[34mINFO &amp#27;[0;39m &amp#27;[36mo.s.test.context.transaction.TransactionContext.startTransaction:107&amp#27;[0;39m - Began transaction (1) for test context [DefaultTestContext@27f6854b testClass = AdminRestControllerTest, testInstance = ru.restaurantvoting.web.user.AdminRestControllerTest@295e989, testMethod = createWithLocation@AdminRestControllerTest, testException = [null], mergedContextConfiguration = [WebMergedContextConfiguration@65145fb7 testClass = AdminRestControllerTest, locations = '{classpath:spring/spring-app.xml, classpath:spring/spring-mvc.xml}', classes = '{}', contextInitializerClasses = '[]', activeProfiles = '{}', propertySourceLocations = '{}', propertySourceProperties = '{}', contextCustomizers = set[[empty]], resourceBasePath = 'src/main/webapp', contextLoader = 'org.springframework.test.context.web.WebDelegatingSmartContextLoader', parent = [null]], attributes = map['org.springframework.test.context.web.ServletTestExecutionListener.populatedRequestContextHolder' -> true, 'org.springframework.test.context.web.ServletTestExecutionListener.resetRequestContextHolder' -> true]]; transaction manager [org.springframework.orm.jpa.JpaTransactionManager@74ab8610]; rollback [true]
&amp#27;[35mStart stopWatch
&amp#27;[0;39mHibernate: 
    /* select
        generatedAlias0 
    from
        User as generatedAlias0 
    where
        generatedAlias0.email=:param0 */ select
            user0_.id as id1_4_,
            user0_.name as name2_4_,
            user0_.email as email3_4_,
            user0_.enabled as enabled4_4_,
            user0_.password as password5_4_,
            user0_.registered as register6_4_ 
        from
            users user0_ 
        where
            user0_.email=?
&amp#27;[35mstop stopWatch
&amp#27;[0;39m01:24:54.708 &amp#27;[34mINFO &amp#27;[0;39m &amp#27;[36mo.s.test.context.transaction.TransactionContext.endTransaction:139&amp#27;[0;39m - Rolled back transaction for test: [DefaultTestContext@27f6854b testClass = AdminRestControllerTest, testInstance = ru.restaurantvoting.web.user.AdminRestControllerTest@295e989, testMethod = createWithLocation@AdminRestControllerTest, testException = java.lang.AssertionError: Status expected:<201> but was:<403>, mergedContextConfiguration = [WebMergedContextConfiguration@65145fb7 testClass = AdminRestControllerTest, locations = '{classpath:spring/spring-app.xml, classpath:spring/spring-mvc.xml}', classes = '{}', contextInitializerClasses = '[]', activeProfiles = '{}', propertySourceLocations = '{}', propertySourceProperties = '{}', contextCustomizers = set[[empty]], resourceBasePath = 'src/main/webapp', contextLoader = 'org.springframework.test.context.web.WebDelegatingSmartContextLoader', parent = [null]], attributes = map['org.springframework.test.context.web.ServletTestExecutionListener.populatedRequestContextHolder' -> true, 'org.springframework.test.context.web.ServletTestExecutionListener.resetRequestContextHolder' -> true]]
]]></system-out>
  </testcase>
</testsuite>