<?xml version="1.0" encoding="UTF-8"?>
<testsuite xmlns:xsi="http://www.w3.org/2001/XMLSchema-instance" xsi:noNamespaceSchemaLocation="https://maven.apache.org/surefire/maven-surefire-plugin/xsd/surefire-test-report.xsd" name="ru.restaurantvoting.service.VoteServiceTest" time="0.073" tests="8" errors="1" skipped="0" failures="3">
  <properties>
[...]
</properties>
  <testcase name="create" classname="ru.restaurantvoting.service.VoteServiceTest" time="0.016">
    <failure message="&#10;Expecting:&#10; &lt;&quot;[Vote (id=100016), Vote (id=100017), Vote (id=100018), Vote (id=100032)] (ArrayList@6792aa3e)&quot;&gt;&#10;to be equal to:&#10; &lt;&quot;[Vote (id=100016), Vote (id=100017), Vote (id=100018), Vote (id=100032)] (ListN@1027cdcd)&quot;&gt;&#10;but was not." type="org.opentest4j.AssertionFailedError"><![CDATA[org.opentest4j.AssertionFailedError: 

Expecting:
 <"[Vote (id=100016), Vote (id=100017), Vote (id=100018), Vote (id=100032)] (ArrayList@6792aa3e)">
to be equal to:
 <"[Vote (id=100016), Vote (id=100017), Vote (id=100018), Vote (id=100032)] (ListN@1027cdcd)">
but was not.
	at ru.restaurantvoting.service.VoteServiceTest.create(VoteServiceTest.java:31)
]]></failure>
    <system-out><![CDATA[01:24:54.307 &amp#27;[34mINFO &amp#27;[0;39m &amp#27;[36mo.s.t.c.support.AbstractTestContextBootstrapper.getDefaultTestExecutionListenerClassNames:248&amp#27;[0;39m - Loaded default TestExecutionListener class names from location [META-INF/spring.factories]: [org.springframework.test.context.web.ServletTestExecutionListener, org.springframework.test.context.support.DirtiesContextBeforeModesTestExecutionListener, org.springframework.test.context.support.DependencyInjectionTestExecutionListener, org.springframework.test.context.support.DirtiesContextTestExecutionListener, org.springframework.test.context.transaction.TransactionalTestExecutionListener, org.springframework.test.context.jdbc.SqlScriptsTestExecutionListener, org.springframework.security.test.context.support.WithSecurityContextTestExecutionListener, org.springframework.security.test.context.support.ReactorContextTestExecutionListener]
01:24:54.308 &amp#27;[34mINFO &amp#27;[0;39m &amp#27;[36mo.s.t.c.support.AbstractTestContextBootstrapper.getTestExecutionListeners:177&amp#27;[0;39m - Using TestExecutionListeners: [org.springframework.test.context.web.ServletTestExecutionListener@22495f2f, org.springframework.test.context.support.DirtiesContextBeforeModesTestExecutionListener@25fb43a9, org.springframework.test.context.support.DependencyInjectionTestExecutionListener@59fa5a39, org.springframework.test.context.support.DirtiesContextTestExecutionListener@6dccdc50, org.springframework.test.context.transaction.TransactionalTestExecutionListener@59456e1, org.springframework.test.context.jdbc.SqlScriptsTestExecutionListener@7a8dbbf1, org.springframework.security.test.context.support.WithSecurityContextTestExecutionListener@71ad1d0b, org.springframework.security.test.context.support.ReactorContextTestExecutionListener@7a087132]
01:24:54.312 &amp#27;[34mINFO &amp#27;[0;39m &amp#27;[36mo.s.test.context.transaction.TransactionContext.startTransaction:107&amp#27;[0;39m - Began transaction (1) for test context [DefaultTestContext@2eef43f5 testClass = VoteServiceTest, testInstance = ru.restaurantvoting.service.VoteServiceTest@2c10f9f3, testMethod = create@VoteServiceTest, testException = [null], mergedContextConfiguration = [WebMergedContextConfiguration@6c65a7fc testClass = VoteServiceTest, locations = '{classpath:spring/spring-app.xml, classpath:spring/spring-mvc.xml}', classes = '{}', contextInitializerClasses = '[]', activeProfiles = '{}', propertySourceLocations = '{}', propertySourceProperties = '{}', contextCustomizers = set[[empty]], resourceBasePath = 'src/main/webapp', contextLoader = 'org.springframework.test.context.web.WebDelegatingSmartContextLoader', parent = [null]], attributes = map['org.springframework.test.context.web.ServletTestExecutionListener.populatedRequestContextHolder' -> true, 'org.springframework.test.context.web.ServletTestExecutionListener.resetRequestContextHolder' -> true]]; transaction manager [org.springframework.orm.jpa.JpaTransactionManager@74ab8610]; rollback [true]
&amp#27;[35mStart stopWatch
&amp#27;[0;39mHibernate: 
    call next value for global_seq
Hibernate: 
    /* insert ru.restaurantvoting.model.Vote
        */ insert 
        into
            vote
            (vote_date, menu_id, user_id, id) 
        values
            (?, ?, ?, ?)
Hibernate: 
    /* select
        generatedAlias0 
    from
        Vote as generatedAlias0 
    order by
        generatedAlias0.date asc */ select
            vote0_.id as id1_5_,
            vote0_.vote_date as vote_dat2_5_,
            vote0_.menu_id as menu_id3_5_,
            vote0_.user_id as user_id4_5_ 
        from
            vote vote0_ 
        order by
            vote0_.vote_date asc
&amp#27;[35mstop stopWatch
&amp#27;[0;39m01:24:54.332 &amp#27;[34mINFO &amp#27;[0;39m &amp#27;[36mo.s.test.context.transaction.TransactionContext.endTransaction:139&amp#27;[0;39m - Rolled back transaction for test: [DefaultTestContext@2eef43f5 testClass = VoteServiceTest, testInstance = ru.restaurantvoting.service.VoteServiceTest@2c10f9f3, testMethod = create@VoteServiceTest, testException = org.opentest4j.AssertionFailedError: 
Expecting:
 <"[Vote (id=100016), Vote (id=100017), Vote (id=100018), Vote (id=100032)] (ArrayList@6792aa3e)">
to be equal to:
 <"[Vote (id=100016), Vote (id=100017), Vote (id=100018), Vote (id=100032)] (ListN@1027cdcd)">
but was not., mergedContextConfiguration = [WebMergedContextConfiguration@6c65a7fc testClass = VoteServiceTest, locations = '{classpath:spring/spring-app.xml, classpath:spring/spring-mvc.xml}', classes = '{}', contextInitializerClasses = '[]', activeProfiles = '{}', propertySourceLocations = '{}', propertySourceProperties = '{}', contextCustomizers = set[[empty]], resourceBasePath = 'src/main/webapp', contextLoader = 'org.springframework.test.context.web.WebDelegatingSmartContextLoader', parent = [null]], attributes = map['org.springframework.test.context.web.ServletTestExecutionListener.populatedRequestContextHolder' -> true, 'org.springframework.test.context.web.ServletTestExecutionListener.resetRequestContextHolder' -> true]]
]]></system-out>
  </testcase>
  <testcase name="getAll" classname="ru.restaurantvoting.service.VoteServiceTest" time="0.024">
    <failure message="&#10;Expecting:&#10; &lt;&quot;[Vote (id=100016), Vote (id=100017), Vote (id=100018)] (ArrayList@20673498)&quot;&gt;&#10;to be equal to:&#10; &lt;&quot;[Vote (id=100016), Vote (id=100017), Vote (id=100018)] (ListN@7a8d6eb3)&quot;&gt;&#10;but was not." type="org.opentest4j.AssertionFailedError"><![CDATA[org.opentest4j.AssertionFailedError: 

Expecting:
 <"[Vote (id=100016), Vote (id=100017), Vote (id=100018)] (ArrayList@20673498)">
to be equal to:
 <"[Vote (id=100016), Vote (id=100017), Vote (id=100018)] (ListN@7a8d6eb3)">
but was not.
	at ru.restaurantvoting.service.VoteServiceTest.getAll(VoteServiceTest.java:63)
]]></failure>
    <system-out><![CDATA[01:24:54.334 &amp#27;[34mINFO &amp#27;[0;39m &amp#27;[36mo.s.test.context.transaction.TransactionContext.startTransaction:107&amp#27;[0;39m - Began transaction (1) for test context [DefaultTestContext@2eef43f5 testClass = VoteServiceTest, testInstance = ru.restaurantvoting.service.VoteServiceTest@37e0614e, testMethod = getAll@VoteServiceTest, testException = [null], mergedContextConfiguration = [WebMergedContextConfiguration@6c65a7fc testClass = VoteServiceTest, locations = '{classpath:spring/spring-app.xml, classpath:spring/spring-mvc.xml}', classes = '{}', contextInitializerClasses = '[]', activeProfiles = '{}', propertySourceLocations = '{}', propertySourceProperties = '{}', contextCustomizers = set[[empty]], resourceBasePath = 'src/main/webapp', contextLoader = 'org.springframework.test.context.web.WebDelegatingSmartContextLoader', parent = [null]], attributes = map['org.springframework.test.context.web.ServletTestExecutionListener.populatedRequestContextHolder' -> true, 'org.springframework.test.context.web.ServletTestExecutionListener.resetRequestContextHolder' -> true]]; transaction manager [org.springframework.orm.jpa.JpaTransactionManager@74ab8610]; rollback [true]
&amp#27;[35mStart stopWatch
&amp#27;[0;39mHibernate: 
    /* select
        generatedAlias0 
    from
        Vote as generatedAlias0 
    order by
        generatedAlias0.date asc */ select
            vote0_.id as id1_5_,
            vote0_.vote_date as vote_dat2_5_,
            vote0_.menu_id as menu_id3_5_,
            vote0_.user_id as user_id4_5_ 
        from
            vote vote0_ 
        order by
            vote0_.vote_date asc
&amp#27;[35mstop stopWatch
&amp#27;[0;39m01:24:54.340 &amp#27;[34mINFO &amp#27;[0;39m &amp#27;[36mo.s.test.context.transaction.TransactionContext.endTransaction:139&amp#27;[0;39m - Rolled back transaction for test: [DefaultTestContext@2eef43f5 testClass = VoteServiceTest, testInstance = ru.restaurantvoting.service.VoteServiceTest@37e0614e, testMethod = getAll@VoteServiceTest, testException = org.opentest4j.AssertionFailedError: 
Expecting:
 <"[Vote (id=100016), Vote (id=100017), Vote (id=100018)] (ArrayList@20673498)">
to be equal to:
 <"[Vote (id=100016), Vote (id=100017), Vote (id=100018)] (ListN@7a8d6eb3)">
but was not., mergedContextConfiguration = [WebMergedContextConfiguration@6c65a7fc testClass = VoteServiceTest, locations = '{classpath:spring/spring-app.xml, classpath:spring/spring-mvc.xml}', classes = '{}', contextInitializerClasses = '[]', activeProfiles = '{}', propertySourceLocations = '{}', propertySourceProperties = '{}', contextCustomizers = set[[empty]], resourceBasePath = 'src/main/webapp', contextLoader = 'org.springframework.test.context.web.WebDelegatingSmartContextLoader', parent = [null]], attributes = map['org.springframework.test.context.web.ServletTestExecutionListener.populatedRequestContextHolder' -> true, 'org.springframework.test.context.web.ServletTestExecutionListener.resetRequestContextHolder' -> true]]
]]></system-out>
  </testcase>
  <testcase name="getAllByDate" classname="ru.restaurantvoting.service.VoteServiceTest" time="0.006"/>
  <testcase name="update" classname="ru.restaurantvoting.service.VoteServiceTest" time="0.005"/>
  <testcase name="getNotFound" classname="ru.restaurantvoting.service.VoteServiceTest" time="0.007"/>
  <testcase name="getForUserAndDate" classname="ru.restaurantvoting.service.VoteServiceTest" time="0.005">
    <error message="Not found entity with id=100000" type="ru.restaurantvoting.util.exception.NotFoundException">ru.restaurantvoting.util.exception.NotFoundException: Not found entity with id=100000
	at ru.restaurantvoting.service.VoteServiceTest.getForUserAndDate(VoteServiceTest.java:48)
</error>
    <system-out><![CDATA[01:24:54.363 &amp#27;[34mINFO &amp#27;[0;39m &amp#27;[36mo.s.test.context.transaction.TransactionContext.startTransaction:107&amp#27;[0;39m - Began transaction (1) for test context [DefaultTestContext@2eef43f5 testClass = VoteServiceTest, testInstance = ru.restaurantvoting.service.VoteServiceTest@4f45290f, testMethod = getForUserAndDate@VoteServiceTest, testException = [null], mergedContextConfiguration = [WebMergedContextConfiguration@6c65a7fc testClass = VoteServiceTest, locations = '{classpath:spring/spring-app.xml, classpath:spring/spring-mvc.xml}', classes = '{}', contextInitializerClasses = '[]', activeProfiles = '{}', propertySourceLocations = '{}', propertySourceProperties = '{}', contextCustomizers = set[[empty]], resourceBasePath = 'src/main/webapp', contextLoader = 'org.springframework.test.context.web.WebDelegatingSmartContextLoader', parent = [null]], attributes = map['org.springframework.test.context.web.ServletTestExecutionListener.populatedRequestContextHolder' -> true, 'org.springframework.test.context.web.ServletTestExecutionListener.resetRequestContextHolder' -> true]]; transaction manager [org.springframework.orm.jpa.JpaTransactionManager@74ab8610]; rollback [true]
&amp#27;[35mStart stopWatch
&amp#27;[0;39mHibernate: 
    /* SELECT
        v 
    FROM
        Vote v 
    WHERE
        v.user.id=:userId 
        AND v.date=:date */ select
            vote0_.id as id1_5_,
            vote0_.vote_date as vote_dat2_5_,
            vote0_.menu_id as menu_id3_5_,
            vote0_.user_id as user_id4_5_ 
        from
            vote vote0_ 
        where
            vote0_.user_id=? 
            and vote0_.vote_date=?
&amp#27;[35mstop stopWatch
&amp#27;[0;39m01:24:54.365 &amp#27;[34mINFO &amp#27;[0;39m &amp#27;[36mo.s.test.context.transaction.TransactionContext.endTransaction:139&amp#27;[0;39m - Rolled back transaction for test: [DefaultTestContext@2eef43f5 testClass = VoteServiceTest, testInstance = ru.restaurantvoting.service.VoteServiceTest@4f45290f, testMethod = getForUserAndDate@VoteServiceTest, testException = ru.restaurantvoting.util.exception.NotFoundException: Not found entity with id=100000, mergedContextConfiguration = [WebMergedContextConfiguration@6c65a7fc testClass = VoteServiceTest, locations = '{classpath:spring/spring-app.xml, classpath:spring/spring-mvc.xml}', classes = '{}', contextInitializerClasses = '[]', activeProfiles = '{}', propertySourceLocations = '{}', propertySourceProperties = '{}', contextCustomizers = set[[empty]], resourceBasePath = 'src/main/webapp', contextLoader = 'org.springframework.test.context.web.WebDelegatingSmartContextLoader', parent = [null]], attributes = map['org.springframework.test.context.web.ServletTestExecutionListener.populatedRequestContextHolder' -> true, 'org.springframework.test.context.web.ServletTestExecutionListener.resetRequestContextHolder' -> true]]
]]></system-out>
  </testcase>
  <testcase name="createWithException" classname="ru.restaurantvoting.service.VoteServiceTest" time="0.003"/>
  <testcase name="get" classname="ru.restaurantvoting.service.VoteServiceTest" time="0.004">
    <failure message="&#10;Expecting value &lt;2019-04-20&gt; in field &lt;&quot;date&quot;&gt; but was &lt;2020-11-20&gt; in &lt;Vote (id=100016)&gt;.&#10;Comparison was performed on all fields but &lt;[&quot;user&quot;, &quot;menu&quot;]&gt;" type="java.lang.AssertionError"><![CDATA[java.lang.AssertionError: 

Expecting value <2019-04-20> in field <"date"> but was <2020-11-20> in <Vote (id=100016)>.
Comparison was performed on all fields but <["user", "menu"]>
	at ru.restaurantvoting.service.VoteServiceTest.get(VoteServiceTest.java:37)
]]></failure>
    <system-out><![CDATA[01:24:54.371 &amp#27;[34mINFO &amp#27;[0;39m &amp#27;[36mo.s.test.context.transaction.TransactionContext.startTransaction:107&amp#27;[0;39m - Began transaction (1) for test context [DefaultTestContext@2eef43f5 testClass = VoteServiceTest, testInstance = ru.restaurantvoting.service.VoteServiceTest@3b9d85c2, testMethod = get@VoteServiceTest, testException = [null], mergedContextConfiguration = [WebMergedContextConfiguration@6c65a7fc testClass = VoteServiceTest, locations = '{classpath:spring/spring-app.xml, classpath:spring/spring-mvc.xml}', classes = '{}', contextInitializerClasses = '[]', activeProfiles = '{}', propertySourceLocations = '{}', propertySourceProperties = '{}', contextCustomizers = set[[empty]], resourceBasePath = 'src/main/webapp', contextLoader = 'org.springframework.test.context.web.WebDelegatingSmartContextLoader', parent = [null]], attributes = map['org.springframework.test.context.web.ServletTestExecutionListener.populatedRequestContextHolder' -> true, 'org.springframework.test.context.web.ServletTestExecutionListener.resetRequestContextHolder' -> true]]; transaction manager [org.springframework.orm.jpa.JpaTransactionManager@74ab8610]; rollback [true]
&amp#27;[35mStart stopWatch
&amp#27;[0;39mHibernate: 
    /* SELECT
        v 
    FROM
        Vote v 
    WHERE
        v.id=:id 
        AND v.user.id=:userId 
        AND v.menu.id=:menuId */ select
            vote0_.id as id1_5_,
            vote0_.vote_date as vote_dat2_5_,
            vote0_.menu_id as menu_id3_5_,
            vote0_.user_id as user_id4_5_ 
        from
            vote vote0_ 
        where
            vote0_.id=? 
            and vote0_.user_id=? 
            and vote0_.menu_id=?
&amp#27;[35mstop stopWatch
&amp#27;[0;39m01:24:54.376 &amp#27;[34mINFO &amp#27;[0;39m &amp#27;[36mo.s.test.context.transaction.TransactionContext.endTransaction:139&amp#27;[0;39m - Rolled back transaction for test: [DefaultTestContext@2eef43f5 testClass = VoteServiceTest, testInstance = ru.restaurantvoting.service.VoteServiceTest@3b9d85c2, testMethod = get@VoteServiceTest, testException = java.lang.AssertionError: 
Expecting value <2019-04-20> in field <"date"> but was <2020-11-20> in <Vote (id=100016)>.
Comparison was performed on all fields but <["user", "menu"]>, mergedContextConfiguration = [WebMergedContextConfiguration@6c65a7fc testClass = VoteServiceTest, locations = '{classpath:spring/spring-app.xml, classpath:spring/spring-mvc.xml}', classes = '{}', contextInitializerClasses = '[]', activeProfiles = '{}', propertySourceLocations = '{}', propertySourceProperties = '{}', contextCustomizers = set[[empty]], resourceBasePath = 'src/main/webapp', contextLoader = 'org.springframework.test.context.web.WebDelegatingSmartContextLoader', parent = [null]], attributes = map['org.springframework.test.context.web.ServletTestExecutionListener.populatedRequestContextHolder' -> true, 'org.springframework.test.context.web.ServletTestExecutionListener.resetRequestContextHolder' -> true]]
]]></system-out>
  </testcase>
</testsuite>