<?xml version="1.0" encoding="UTF-8"?>
<testsuite xmlns:xsi="http://www.w3.org/2001/XMLSchema-instance" xsi:noNamespaceSchemaLocation="https://maven.apache.org/surefire/maven-surefire-plugin/xsd/surefire-test-report.xsd" name="ru.restaurantvoting.web.user.AdminRestControllerTest" time="0.184" tests="14" errors="0" skipped="0" failures="12">
  <properties>
[...]
</properties>
  <testcase name="updateDuplicate" classname="ru.restaurantvoting.web.user.AdminRestControllerTest" time="0.049">
    <failure message="Status expected:&lt;409&gt; but was:&lt;403&gt;" type="java.lang.AssertionError"><![CDATA[java.lang.AssertionError: Status expected:<409> but was:<403>
	at ru.restaurantvoting.web.user.AdminRestControllerTest.updateDuplicate(AdminRestControllerTest.java:163)
]]></failure>
    <system-out><![CDATA[01:24:54.530 &amp#27;[34mINFO &amp#27;[0;39m &amp#27;[36mo.s.t.c.support.AbstractTestContextBootstrapper.getDefaultTestExecutionListenerClassNames:248&amp#27;[0;39m - Loaded default TestExecutionListener class names from location [META-INF/spring.factories]: [org.springframework.test.context.web.ServletTestExecutionListener, org.springframework.test.context.support.DirtiesContextBeforeModesTestExecutionListener, org.springframework.test.context.support.DependencyInjectionTestExecutionListener, org.springframework.test.context.support.DirtiesContextTestExecutionListener, org.springframework.test.context.transaction.TransactionalTestExecutionListener, org.springframework.test.context.jdbc.SqlScriptsTestExecutionListener, org.springframework.security.test.context.support.WithSecurityContextTestExecutionListener, org.springframework.security.test.context.support.ReactorContextTestExecutionListener]
01:24:54.530 &amp#27;[34mINFO &amp#27;[0;39m &amp#27;[36mo.s.t.c.support.AbstractTestContextBootstrapper.getTestExecutionListeners:177&amp#27;[0;39m - Using TestExecutionListeners: [org.springframework.test.context.web.ServletTestExecutionListener@63cff421, org.springframework.test.context.support.DirtiesContextBeforeModesTestExecutionListener@27e42fe8, org.springframework.test.context.support.DependencyInjectionTestExecutionListener@219bad15, org.springframework.test.context.support.DirtiesContextTestExecutionListener@71739267, org.springframework.test.context.transaction.TransactionalTestExecutionListener@6d810e94, org.springframework.test.context.jdbc.SqlScriptsTestExecutionListener@6b9ce7a3, org.springframework.security.test.context.support.WithSecurityContextTestExecutionListener@17931cc0, org.springframework.security.test.context.support.ReactorContextTestExecutionListener@7a9e44ff]
01:24:54.532 &amp#27;[34mINFO &amp#27;[0;39m &amp#27;[36morg.springframework.mock.web.MockServletContext.log:444&amp#27;[0;39m - Initializing Spring TestDispatcherServlet ''
01:24:54.532 &amp#27;[34mINFO &amp#27;[0;39m &amp#27;[36morg.springframework.web.servlet.FrameworkServlet.initServletBean:524&amp#27;[0;39m - Initializing Servlet ''
01:24:54.537 &amp#27;[34mINFO &amp#27;[0;39m &amp#27;[36morg.springframework.web.servlet.FrameworkServlet.initServletBean:546&amp#27;[0;39m - Completed initialization in 5 ms
01:24:54.538 &amp#27;[34mINFO &amp#27;[0;39m &amp#27;[36mo.s.test.context.transaction.TransactionContext.startTransaction:107&amp#27;[0;39m - Began transaction (1) for test context [DefaultTestContext@27f6854b testClass = AdminRestControllerTest, testInstance = ru.restaurantvoting.web.user.AdminRestControllerTest@72499396, testMethod = updateDuplicate@AdminRestControllerTest, testException = [null], mergedContextConfiguration = [WebMergedContextConfiguration@65145fb7 testClass = AdminRestControllerTest, locations = '{classpath:spring/spring-app.xml, classpath:spring/spring-mvc.xml}', classes = '{}', contextInitializerClasses = '[]', activeProfiles = '{}', propertySourceLocations = '{}', propertySourceProperties = '{}', contextCustomizers = set[[empty]], resourceBasePath = 'src/main/webapp', contextLoader = 'org.springframework.test.context.web.WebDelegatingSmartContextLoader', parent = [null]], attributes = map['org.springframework.test.context.web.ServletTestExecutionListener.populatedRequestContextHolder' -> true, 'org.springframework.test.context.web.ServletTestExecutionListener.resetRequestContextHolder' -> true]]; transaction manager [org.springframework.orm.jpa.JpaTransactionManager@74ab8610]; rollback [true]
&amp#27;[35mStart stopWatch
&amp#27;[0;39mHibernate: 
    /* select
        generatedAlias0 
    from
        User as generatedAlias0 
    where
        generatedAlias0.email=:param0 */ select
            user0_.id as id1_4_,
            user0_.name as name2_4_,
            user0_.email as email3_4_,
            user0_.enabled as enabled4_4_,
            user0_.password as password5_4_,
            user0_.registered as register6_4_ 
        from
            users user0_ 
        where
            user0_.email=?
&amp#27;[35mstop stopWatch
&amp#27;[0;39m01:24:54.585 &amp#27;[34mINFO &amp#27;[0;39m &amp#27;[36mo.s.test.context.transaction.TransactionContext.endTransaction:139&amp#27;[0;39m - Rolled back transaction for test: [DefaultTestContext@27f6854b testClass = AdminRestControllerTest, testInstance = ru.restaurantvoting.web.user.AdminRestControllerTest@72499396, testMethod = updateDuplicate@AdminRestControllerTest, testException = java.lang.AssertionError: Status expected:<409> but was:<403>, mergedContextConfiguration = [WebMergedContextConfiguration@65145fb7 testClass = AdminRestControllerTest, locations = '{classpath:spring/spring-app.xml, classpath:spring/spring-mvc.xml}', classes = '{}', contextInitializerClasses = '[]', activeProfiles = '{}', propertySourceLocations = '{}', propertySourceProperties = '{}', contextCustomizers = set[[empty]], resourceBasePath = 'src/main/webapp', contextLoader = 'org.springframework.test.context.web.WebDelegatingSmartContextLoader', parent = [null]], attributes = map['org.springframework.test.context.web.ServletTestExecutionListener.populatedRequestContextHolder' -> true, 'org.springframework.test.context.web.ServletTestExecutionListener.resetRequestContextHolder' -> true]]
]]></system-out>
  </testcase>
  <testcase name="delete" classname="ru.restaurantvoting.web.user.AdminRestControllerTest" time="0.012">
    <failure message="Status expected:&lt;204&gt; but was:&lt;403&gt;" type="java.lang.AssertionError"><![CDATA[java.lang.AssertionError: Status expected:<204> but was:<403>
	at ru.restaurantvoting.web.user.AdminRestControllerTest.delete(AdminRestControllerTest.java:64)
]]></failure>
    <system-out><![CDATA[01:24:54.586 &amp#27;[34mINFO &amp#27;[0;39m &amp#27;[36morg.springframework.mock.web.MockServletContext.log:444&amp#27;[0;39m - Initializing Spring TestDispatcherServlet ''
01:24:54.586 &amp#27;[34mINFO &amp#27;[0;39m &amp#27;[36morg.springframework.web.servlet.FrameworkServlet.initServletBean:524&amp#27;[0;39m - Initializing Servlet ''
01:24:54.588 &amp#27;[34mINFO &amp#27;[0;39m &amp#27;[36morg.springframework.web.servlet.FrameworkServlet.initServletBean:546&amp#27;[0;39m - Completed initialization in 2 ms
01:24:54.589 &amp#27;[34mINFO &amp#27;[0;39m &amp#27;[36mo.s.test.context.transaction.TransactionContext.startTransaction:107&amp#27;[0;39m - Began transaction (1) for test context [DefaultTestContext@27f6854b testClass = AdminRestControllerTest, testInstance = ru.restaurantvoting.web.user.AdminRestControllerTest@5b256ab5, testMethod = delete@AdminRestControllerTest, testException = [null], mergedContextConfiguration = [WebMergedContextConfiguration@65145fb7 testClass = AdminRestControllerTest, locations = '{classpath:spring/spring-app.xml, classpath:spring/spring-mvc.xml}', classes = '{}', contextInitializerClasses = '[]', activeProfiles = '{}', propertySourceLocations = '{}', propertySourceProperties = '{}', contextCustomizers = set[[empty]], resourceBasePath = 'src/main/webapp', contextLoader = 'org.springframework.test.context.web.WebDelegatingSmartContextLoader', parent = [null]], attributes = map['org.springframework.test.context.web.ServletTestExecutionListener.populatedRequestContextHolder' -> true, 'org.springframework.test.context.web.ServletTestExecutionListener.resetRequestContextHolder' -> true]]; transaction manager [org.springframework.orm.jpa.JpaTransactionManager@74ab8610]; rollback [true]
&amp#27;[35mStart stopWatch
&amp#27;[0;39mHibernate: 
    /* select
        generatedAlias0 
    from
        User as generatedAlias0 
    where
        generatedAlias0.email=:param0 */ select
            user0_.id as id1_4_,
            user0_.name as name2_4_,
            user0_.email as email3_4_,
            user0_.enabled as enabled4_4_,
            user0_.password as password5_4_,
            user0_.registered as register6_4_ 
        from
            users user0_ 
        where
            user0_.email=?

MockHttpServletRequest:
      HTTP Method = DELETE
      Request URI = /rest/admin/users/100000
       Parameters = {}
          Headers = [Authorization:"Basic YWRtaW5AZW1haWwuY29tOmFkbWluX3Bhc3N3b3Jk"]
             Body = null
    Session Attrs = {}

Handler:
             Type = null

Async:
    Async started = false
     Async result = null

Resolved Exception:
             Type = null

ModelAndView:
        View name = null
             View = null
            Model = null

FlashMap:
       Attributes = null

MockHttpServletResponse:
           Status = 403
    Error message = Forbidden
          Headers = [Cache-Control:"no-cache, no-store, max-age=0, must-revalidate", Pragma:"no-cache", Expires:"0", X-XSS-Protection:"1; mode=block", X-Frame-Options:"DENY", X-Content-Type-Options:"nosniff"]
     Content type = null
             Body = 
    Forwarded URL = null
   Redirected URL = null
          Cookies = []
&amp#27;[35mstop stopWatch
&amp#27;[0;39m01:24:54.599 &amp#27;[34mINFO &amp#27;[0;39m &amp#27;[36mo.s.test.context.transaction.TransactionContext.endTransaction:139&amp#27;[0;39m - Rolled back transaction for test: [DefaultTestContext@27f6854b testClass = AdminRestControllerTest, testInstance = ru.restaurantvoting.web.user.AdminRestControllerTest@5b256ab5, testMethod = delete@AdminRestControllerTest, testException = java.lang.AssertionError: Status expected:<204> but was:<403>, mergedContextConfiguration = [WebMergedContextConfiguration@65145fb7 testClass = AdminRestControllerTest, locations = '{classpath:spring/spring-app.xml, classpath:spring/spring-mvc.xml}', classes = '{}', contextInitializerClasses = '[]', activeProfiles = '{}', propertySourceLocations = '{}', propertySourceProperties = '{}', contextCustomizers = set[[empty]], resourceBasePath = 'src/main/webapp', contextLoader = 'org.springframework.test.context.web.WebDelegatingSmartContextLoader', parent = [null]], attributes = map['org.springframework.test.context.web.ServletTestExecutionListener.populatedRequestContextHolder' -> true, 'org.springframework.test.context.web.ServletTestExecutionListener.resetRequestContextHolder' -> true]]
]]></system-out>
  </testcase>
  <testcase name="getAll" classname="ru.restaurantvoting.web.user.AdminRestControllerTest" time="0.007">
    <failure message="Status expected:&lt;200&gt; but was:&lt;403&gt;" type="java.lang.AssertionError"><![CDATA[java.lang.AssertionError: Status expected:<200> but was:<403>
	at ru.restaurantvoting.web.user.AdminRestControllerTest.getAll(AdminRestControllerTest.java:123)
]]></failure>
    <system-out><![CDATA[01:24:54.600 &amp#27;[34mINFO &amp#27;[0;39m &amp#27;[36morg.springframework.mock.web.MockServletContext.log:444&amp#27;[0;39m - Initializing Spring TestDispatcherServlet ''
01:24:54.601 &amp#27;[34mINFO &amp#27;[0;39m &amp#27;[36morg.springframework.web.servlet.FrameworkServlet.initServletBean:524&amp#27;[0;39m - Initializing Servlet ''
01:24:54.602 &amp#27;[34mINFO &amp#27;[0;39m &amp#27;[36morg.springframework.web.servlet.FrameworkServlet.initServletBean:546&amp#27;[0;39m - Completed initialization in 1 ms
01:24:54.603 &amp#27;[34mINFO &amp#27;[0;39m &amp#27;[36mo.s.test.context.transaction.TransactionContext.startTransaction:107&amp#27;[0;39m - Began transaction (1) for test context [DefaultTestContext@27f6854b testClass = AdminRestControllerTest, testInstance = ru.restaurantvoting.web.user.AdminRestControllerTest@297da2c3, testMethod = getAll@AdminRestControllerTest, testException = [null], mergedContextConfiguration = [WebMergedContextConfiguration@65145fb7 testClass = AdminRestControllerTest, locations = '{classpath:spring/spring-app.xml, classpath:spring/spring-mvc.xml}', classes = '{}', contextInitializerClasses = '[]', activeProfiles = '{}', propertySourceLocations = '{}', propertySourceProperties = '{}', contextCustomizers = set[[empty]], resourceBasePath = 'src/main/webapp', contextLoader = 'org.springframework.test.context.web.WebDelegatingSmartContextLoader', parent = [null]], attributes = map['org.springframework.test.context.web.ServletTestExecutionListener.populatedRequestContextHolder' -> true, 'org.springframework.test.context.web.ServletTestExecutionListener.resetRequestContextHolder' -> true]]; transaction manager [org.springframework.orm.jpa.JpaTransactionManager@74ab8610]; rollback [true]
&amp#27;[35mStart stopWatch
&amp#27;[0;39mHibernate: 
    /* select
        generatedAlias0 
    from
        User as generatedAlias0 
    where
        generatedAlias0.email=:param0 */ select
            user0_.id as id1_4_,
            user0_.name as name2_4_,
            user0_.email as email3_4_,
            user0_.enabled as enabled4_4_,
            user0_.password as password5_4_,
            user0_.registered as register6_4_ 
        from
            users user0_ 
        where
            user0_.email=?
&amp#27;[35mstop stopWatch
&amp#27;[0;39m01:24:54.607 &amp#27;[34mINFO &amp#27;[0;39m &amp#27;[36mo.s.test.context.transaction.TransactionContext.endTransaction:139&amp#27;[0;39m - Rolled back transaction for test: [DefaultTestContext@27f6854b testClass = AdminRestControllerTest, testInstance = ru.restaurantvoting.web.user.AdminRestControllerTest@297da2c3, testMethod = getAll@AdminRestControllerTest, testException = java.lang.AssertionError: Status expected:<200> but was:<403>, mergedContextConfiguration = [WebMergedContextConfiguration@65145fb7 testClass = AdminRestControllerTest, locations = '{classpath:spring/spring-app.xml, classpath:spring/spring-mvc.xml}', classes = '{}', contextInitializerClasses = '[]', activeProfiles = '{}', propertySourceLocations = '{}', propertySourceProperties = '{}', contextCustomizers = set[[empty]], resourceBasePath = 'src/main/webapp', contextLoader = 'org.springframework.test.context.web.WebDelegatingSmartContextLoader', parent = [null]], attributes = map['org.springframework.test.context.web.ServletTestExecutionListener.populatedRequestContextHolder' -> true, 'org.springframework.test.context.web.ServletTestExecutionListener.resetRequestContextHolder' -> true]]
]]></system-out>
  </testcase>
  <testcase name="update" classname="ru.restaurantvoting.web.user.AdminRestControllerTest" time="0.008">
    <failure message="Status expected:&lt;204&gt; but was:&lt;403&gt;" type="java.lang.AssertionError"><![CDATA[java.lang.AssertionError: Status expected:<204> but was:<403>
	at ru.restaurantvoting.web.user.AdminRestControllerTest.update(AdminRestControllerTest.java:98)
]]></failure>
    <system-out><![CDATA[01:24:54.608 &amp#27;[34mINFO &amp#27;[0;39m &amp#27;[36morg.springframework.mock.web.MockServletContext.log:444&amp#27;[0;39m - Initializing Spring TestDispatcherServlet ''
01:24:54.609 &amp#27;[34mINFO &amp#27;[0;39m &amp#27;[36morg.springframework.web.servlet.FrameworkServlet.initServletBean:524&amp#27;[0;39m - Initializing Servlet ''
01:24:54.610 &amp#27;[34mINFO &amp#27;[0;39m &amp#27;[36morg.springframework.web.servlet.FrameworkServlet.initServletBean:546&amp#27;[0;39m - Completed initialization in 1 ms
01:24:54.612 &amp#27;[34mINFO &amp#27;[0;39m &amp#27;[36mo.s.test.context.transaction.TransactionContext.startTransaction:107&amp#27;[0;39m - Began transaction (1) for test context [DefaultTestContext@27f6854b testClass = AdminRestControllerTest, testInstance = ru.restaurantvoting.web.user.AdminRestControllerTest@69815126, testMethod = update@AdminRestControllerTest, testException = [null], mergedContextConfiguration = [WebMergedContextConfiguration@65145fb7 testClass = AdminRestControllerTest, locations = '{classpath:spring/spring-app.xml, classpath:spring/spring-mvc.xml}', classes = '{}', contextInitializerClasses = '[]', activeProfiles = '{}', propertySourceLocations = '{}', propertySourceProperties = '{}', contextCustomizers = set[[empty]], resourceBasePath = 'src/main/webapp', contextLoader = 'org.springframework.test.context.web.WebDelegatingSmartContextLoader', parent = [null]], attributes = map['org.springframework.test.context.web.ServletTestExecutionListener.populatedRequestContextHolder' -> true, 'org.springframework.test.context.web.ServletTestExecutionListener.resetRequestContextHolder' -> true]]; transaction manager [org.springframework.orm.jpa.JpaTransactionManager@74ab8610]; rollback [true]
&amp#27;[35mStart stopWatch
&amp#27;[0;39mHibernate: 
    /* select
        generatedAlias0 
    from
        User as generatedAlias0 
    where
        generatedAlias0.email=:param0 */ select
            user0_.id as id1_4_,
            user0_.name as name2_4_,
            user0_.email as email3_4_,
            user0_.enabled as enabled4_4_,
            user0_.password as password5_4_,
            user0_.registered as register6_4_ 
        from
            users user0_ 
        where
            user0_.email=?
&amp#27;[35mstop stopWatch
&amp#27;[0;39m01:24:54.617 &amp#27;[34mINFO &amp#27;[0;39m &amp#27;[36mo.s.test.context.transaction.TransactionContext.endTransaction:139&amp#27;[0;39m - Rolled back transaction for test: [DefaultTestContext@27f6854b testClass = AdminRestControllerTest, testInstance = ru.restaurantvoting.web.user.AdminRestControllerTest@69815126, testMethod = update@AdminRestControllerTest, testException = java.lang.AssertionError: Status expected:<204> but was:<403>, mergedContextConfiguration = [WebMergedContextConfiguration@65145fb7 testClass = AdminRestControllerTest, locations = '{classpath:spring/spring-app.xml, classpath:spring/spring-mvc.xml}', classes = '{}', contextInitializerClasses = '[]', activeProfiles = '{}', propertySourceLocations = '{}', propertySourceProperties = '{}', contextCustomizers = set[[empty]], resourceBasePath = 'src/main/webapp', contextLoader = 'org.springframework.test.context.web.WebDelegatingSmartContextLoader', parent = [null]], attributes = map['org.springframework.test.context.web.ServletTestExecutionListener.populatedRequestContextHolder' -> true, 'org.springframework.test.context.web.ServletTestExecutionListener.resetRequestContextHolder' -> true]]
]]></system-out>
  </testcase>
  <testcase name="getNotFound" classname="ru.restaurantvoting.web.user.AdminRestControllerTest" time="0.007">
    <failure message="Status expected:&lt;422&gt; but was:&lt;403&gt;" type="java.lang.AssertionError"><![CDATA[java.lang.AssertionError: Status expected:<422> but was:<403>
	at ru.restaurantvoting.web.user.AdminRestControllerTest.getNotFound(AdminRestControllerTest.java:46)
]]></failure>
    <system-out><![CDATA[01:24:54.618 &amp#27;[34mINFO &amp#27;[0;39m &amp#27;[36morg.springframework.mock.web.MockServletContext.log:444&amp#27;[0;39m - Initializing Spring TestDispatcherServlet ''
01:24:54.618 &amp#27;[34mINFO &amp#27;[0;39m &amp#27;[36morg.springframework.web.servlet.FrameworkServlet.initServletBean:524&amp#27;[0;39m - Initializing Servlet ''
01:24:54.619 &amp#27;[34mINFO &amp#27;[0;39m &amp#27;[36morg.springframework.web.servlet.FrameworkServlet.initServletBean:546&amp#27;[0;39m - Completed initialization in 1 ms
01:24:54.620 &amp#27;[34mINFO &amp#27;[0;39m &amp#27;[36mo.s.test.context.transaction.TransactionContext.startTransaction:107&amp#27;[0;39m - Began transaction (1) for test context [DefaultTestContext@27f6854b testClass = AdminRestControllerTest, testInstance = ru.restaurantvoting.web.user.AdminRestControllerTest@63f08f9f, testMethod = getNotFound@AdminRestControllerTest, testException = [null], mergedContextConfiguration = [WebMergedContextConfiguration@65145fb7 testClass = AdminRestControllerTest, locations = '{classpath:spring/spring-app.xml, classpath:spring/spring-mvc.xml}', classes = '{}', contextInitializerClasses = '[]', activeProfiles = '{}', propertySourceLocations = '{}', propertySourceProperties = '{}', contextCustomizers = set[[empty]], resourceBasePath = 'src/main/webapp', contextLoader = 'org.springframework.test.context.web.WebDelegatingSmartContextLoader', parent = [null]], attributes = map['org.springframework.test.context.web.ServletTestExecutionListener.populatedRequestContextHolder' -> true, 'org.springframework.test.context.web.ServletTestExecutionListener.resetRequestContextHolder' -> true]]; transaction manager [org.springframework.orm.jpa.JpaTransactionManager@74ab8610]; rollback [true]
&amp#27;[35mStart stopWatch
&amp#27;[0;39mHibernate: 
    /* select
        generatedAlias0 
    from
        User as generatedAlias0 
    where
        generatedAlias0.email=:param0 */ select
            user0_.id as id1_4_,
            user0_.name as name2_4_,
            user0_.email as email3_4_,
            user0_.enabled as enabled4_4_,
            user0_.password as password5_4_,
            user0_.registered as register6_4_ 
        from
            users user0_ 
        where
            user0_.email=?
&amp#27;[35mstop stopWatch
&amp#27;[0;39m01:24:54.625 &amp#27;[34mINFO &amp#27;[0;39m &amp#27;[36mo.s.test.context.transaction.TransactionContext.endTransaction:139&amp#27;[0;39m - Rolled back transaction for test: [DefaultTestContext@27f6854b testClass = AdminRestControllerTest, testInstance = ru.restaurantvoting.web.user.AdminRestControllerTest@63f08f9f, testMethod = getNotFound@AdminRestControllerTest, testException = java.lang.AssertionError: Status expected:<422> but was:<403>, mergedContextConfiguration = [WebMergedContextConfiguration@65145fb7 testClass = AdminRestControllerTest, locations = '{classpath:spring/spring-app.xml, classpath:spring/spring-mvc.xml}', classes = '{}', contextInitializerClasses = '[]', activeProfiles = '{}', propertySourceLocations = '{}', propertySourceProperties = '{}', contextCustomizers = set[[empty]], resourceBasePath = 'src/main/webapp', contextLoader = 'org.springframework.test.context.web.WebDelegatingSmartContextLoader', parent = [null]], attributes = map['org.springframework.test.context.web.ServletTestExecutionListener.populatedRequestContextHolder' -> true, 'org.springframework.test.context.web.ServletTestExecutionListener.resetRequestContextHolder' -> true]]
]]></system-out>
  </testcase>
  <testcase name="deleteNotFound" classname="ru.restaurantvoting.web.user.AdminRestControllerTest" time="0.011">
    <failure message="Status expected:&lt;422&gt; but was:&lt;403&gt;" type="java.lang.AssertionError"><![CDATA[java.lang.AssertionError: Status expected:<422> but was:<403>
	at ru.restaurantvoting.web.user.AdminRestControllerTest.deleteNotFound(AdminRestControllerTest.java:72)
]]></failure>
    <system-out><![CDATA[01:24:54.626 &amp#27;[34mINFO &amp#27;[0;39m &amp#27;[36morg.springframework.mock.web.MockServletContext.log:444&amp#27;[0;39m - Initializing Spring TestDispatcherServlet ''
01:24:54.626 &amp#27;[34mINFO &amp#27;[0;39m &amp#27;[36morg.springframework.web.servlet.FrameworkServlet.initServletBean:524&amp#27;[0;39m - Initializing Servlet ''
01:24:54.627 &amp#27;[34mINFO &amp#27;[0;39m &amp#27;[36morg.springframework.web.servlet.FrameworkServlet.initServletBean:546&amp#27;[0;39m - Completed initialization in 1 ms
01:24:54.629 &amp#27;[34mINFO &amp#27;[0;39m &amp#27;[36mo.s.test.context.transaction.TransactionContext.startTransaction:107&amp#27;[0;39m - Began transaction (1) for test context [DefaultTestContext@27f6854b testClass = AdminRestControllerTest, testInstance = ru.restaurantvoting.web.user.AdminRestControllerTest@1b914e36, testMethod = deleteNotFound@AdminRestControllerTest, testException = [null], mergedContextConfiguration = [WebMergedContextConfiguration@65145fb7 testClass = AdminRestControllerTest, locations = '{classpath:spring/spring-app.xml, classpath:spring/spring-mvc.xml}', classes = '{}', contextInitializerClasses = '[]', activeProfiles = '{}', propertySourceLocations = '{}', propertySourceProperties = '{}', contextCustomizers = set[[empty]], resourceBasePath = 'src/main/webapp', contextLoader = 'org.springframework.test.context.web.WebDelegatingSmartContextLoader', parent = [null]], attributes = map['org.springframework.test.context.web.ServletTestExecutionListener.populatedRequestContextHolder' -> true, 'org.springframework.test.context.web.ServletTestExecutionListener.resetRequestContextHolder' -> true]]; transaction manager [org.springframework.orm.jpa.JpaTransactionManager@74ab8610]; rollback [true]
&amp#27;[35mStart stopWatch
&amp#27;[0;39mHibernate: 
    /* select
        generatedAlias0 
    from
        User as generatedAlias0 
    where
        generatedAlias0.email=:param0 */ select
            user0_.id as id1_4_,
            user0_.name as name2_4_,
            user0_.email as email3_4_,
            user0_.enabled as enabled4_4_,
            user0_.password as password5_4_,
            user0_.registered as register6_4_ 
        from
            users user0_ 
        where
            user0_.email=?
&amp#27;[35mstop stopWatch
&amp#27;[0;39m01:24:54.633 &amp#27;[34mINFO &amp#27;[0;39m &amp#27;[36mo.s.test.context.transaction.TransactionContext.endTransaction:139&amp#27;[0;39m - Rolled back transaction for test: [DefaultTestContext@27f6854b testClass = AdminRestControllerTest, testInstance = ru.restaurantvoting.web.user.AdminRestControllerTest@1b914e36, testMethod = deleteNotFound@AdminRestControllerTest, testException = java.lang.AssertionError: Status expected:<422> but was:<403>, mergedContextConfiguration = [WebMergedContextConfiguration@65145fb7 testClass = AdminRestControllerTest, locations = '{classpath:spring/spring-app.xml, classpath:spring/spring-mvc.xml}', classes = '{}', contextInitializerClasses = '[]', activeProfiles = '{}', propertySourceLocations = '{}', propertySourceProperties = '{}', contextCustomizers = set[[empty]], resourceBasePath = 'src/main/webapp', contextLoader = 'org.springframework.test.context.web.WebDelegatingSmartContextLoader', parent = [null]], attributes = map['org.springframework.test.context.web.ServletTestExecutionListener.populatedRequestContextHolder' -> true, 'org.springframework.test.context.web.ServletTestExecutionListener.resetRequestContextHolder' -> true]]
]]></system-out>
  </testcase>
  <testcase name="createDuplicate" classname="ru.restaurantvoting.web.user.AdminRestControllerTest" time="0.009">
    <failure message="Status expected:&lt;409&gt; but was:&lt;403&gt;" type="java.lang.AssertionError"><![CDATA[java.lang.AssertionError: Status expected:<409> but was:<403>
	at ru.restaurantvoting.web.user.AdminRestControllerTest.createDuplicate(AdminRestControllerTest.java:177)
]]></failure>
    <system-out><![CDATA[01:24:54.639 &amp#27;[34mINFO &amp#27;[0;39m &amp#27;[36morg.springframework.mock.web.MockServletContext.log:444&amp#27;[0;39m - Initializing Spring TestDispatcherServlet ''
01:24:54.640 &amp#27;[34mINFO &amp#27;[0;39m &amp#27;[36morg.springframework.web.servlet.FrameworkServlet.initServletBean:524&amp#27;[0;39m - Initializing Servlet ''
01:24:54.642 &amp#27;[34mINFO &amp#27;[0;39m &amp#27;[36morg.springframework.web.servlet.FrameworkServlet.initServletBean:546&amp#27;[0;39m - Completed initialization in 1 ms
01:24:54.644 &amp#27;[34mINFO &amp#27;[0;39m &amp#27;[36mo.s.test.context.transaction.TransactionContext.startTransaction:107&amp#27;[0;39m - Began transaction (1) for test context [DefaultTestContext@27f6854b testClass = AdminRestControllerTest, testInstance = ru.restaurantvoting.web.user.AdminRestControllerTest@6bafe3b0, testMethod = createDuplicate@AdminRestControllerTest, testException = [null], mergedContextConfiguration = [WebMergedContextConfiguration@65145fb7 testClass = AdminRestControllerTest, locations = '{classpath:spring/spring-app.xml, classpath:spring/spring-mvc.xml}', classes = '{}', contextInitializerClasses = '[]', activeProfiles = '{}', propertySourceLocations = '{}', propertySourceProperties = '{}', contextCustomizers = set[[empty]], resourceBasePath = 'src/main/webapp', contextLoader = 'org.springframework.test.context.web.WebDelegatingSmartContextLoader', parent = [null]], attributes = map['org.springframework.test.context.web.ServletTestExecutionListener.populatedRequestContextHolder' -> true, 'org.springframework.test.context.web.ServletTestExecutionListener.resetRequestContextHolder' -> true]]; transaction manager [org.springframework.orm.jpa.JpaTransactionManager@74ab8610]; rollback [true]
&amp#27;[35mStart stopWatch
&amp#27;[0;39mHibernate: 
    /* select
        generatedAlias0 
    from
        User as generatedAlias0 
    where
        generatedAlias0.email=:param0 */ select
            user0_.id as id1_4_,
            user0_.name as name2_4_,
            user0_.email as email3_4_,
            user0_.enabled as enabled4_4_,
            user0_.password as password5_4_,
            user0_.registered as register6_4_ 
        from
            users user0_ 
        where
            user0_.email=?

MockHttpServletRequest:
      HTTP Method = POST
      Request URI = /rest/admin/users/
       Parameters = {}
          Headers = [Content-Type:"application/json;charset=UTF-8", Authorization:"Basic YWRtaW5AZW1haWwuY29tOmFkbWluX3Bhc3N3b3Jk"]
             Body = {"name":"newUser","email":"admin@email.com","password":"password","enabled":true,"registered":"2021-01-02T22:24:54.644+0000","roles":["USER"],"votes":[]}
    Session Attrs = {}

Handler:
             Type = null

Async:
    Async started = false
     Async result = null

Resolved Exception:
             Type = null

ModelAndView:
        View name = null
             View = null
            Model = null

FlashMap:
       Attributes = null

MockHttpServletResponse:
           Status = 403
    Error message = Forbidden
          Headers = [Cache-Control:"no-cache, no-store, max-age=0, must-revalidate", Pragma:"no-cache", Expires:"0", X-XSS-Protection:"1; mode=block", X-Frame-Options:"DENY", X-Content-Type-Options:"nosniff"]
     Content type = null
             Body = 
    Forwarded URL = null
   Redirected URL = null
          Cookies = []
&amp#27;[35mstop stopWatch
&amp#27;[0;39m01:24:54.650 &amp#27;[34mINFO &amp#27;[0;39m &amp#27;[36mo.s.test.context.transaction.TransactionContext.endTransaction:139&amp#27;[0;39m - Rolled back transaction for test: [DefaultTestContext@27f6854b testClass = AdminRestControllerTest, testInstance = ru.restaurantvoting.web.user.AdminRestControllerTest@6bafe3b0, testMethod = createDuplicate@AdminRestControllerTest, testException = java.lang.AssertionError: Status expected:<409> but was:<403>, mergedContextConfiguration = [WebMergedContextConfiguration@65145fb7 testClass = AdminRestControllerTest, locations = '{classpath:spring/spring-app.xml, classpath:spring/spring-mvc.xml}', classes = '{}', contextInitializerClasses = '[]', activeProfiles = '{}', propertySourceLocations = '{}', propertySourceProperties = '{}', contextCustomizers = set[[empty]], resourceBasePath = 'src/main/webapp', contextLoader = 'org.springframework.test.context.web.WebDelegatingSmartContextLoader', parent = [null]], attributes = map['org.springframework.test.context.web.ServletTestExecutionListener.populatedRequestContextHolder' -> true, 'org.springframework.test.context.web.ServletTestExecutionListener.resetRequestContextHolder' -> true]]
]]></system-out>
  </testcase>
  <testcase name="createInvalid" classname="ru.restaurantvoting.web.user.AdminRestControllerTest" time="0.009">
    <failure message="Status expected:&lt;422&gt; but was:&lt;403&gt;" type="java.lang.AssertionError"><![CDATA[java.lang.AssertionError: Status expected:<422> but was:<403>
	at ru.restaurantvoting.web.user.AdminRestControllerTest.createInvalid(AdminRestControllerTest.java:136)
]]></failure>
    <system-out><![CDATA[01:24:54.651 &amp#27;[34mINFO &amp#27;[0;39m &amp#27;[36morg.springframework.mock.web.MockServletContext.log:444&amp#27;[0;39m - Initializing Spring TestDispatcherServlet ''
01:24:54.651 &amp#27;[34mINFO &amp#27;[0;39m &amp#27;[36morg.springframework.web.servlet.FrameworkServlet.initServletBean:524&amp#27;[0;39m - Initializing Servlet ''
01:24:54.652 &amp#27;[34mINFO &amp#27;[0;39m &amp#27;[36morg.springframework.web.servlet.FrameworkServlet.initServletBean:546&amp#27;[0;39m - Completed initialization in 1 ms
01:24:54.653 &amp#27;[34mINFO &amp#27;[0;39m &amp#27;[36mo.s.test.context.transaction.TransactionContext.startTransaction:107&amp#27;[0;39m - Began transaction (1) for test context [DefaultTestContext@27f6854b testClass = AdminRestControllerTest, testInstance = ru.restaurantvoting.web.user.AdminRestControllerTest@336b7da4, testMethod = createInvalid@AdminRestControllerTest, testException = [null], mergedContextConfiguration = [WebMergedContextConfiguration@65145fb7 testClass = AdminRestControllerTest, locations = '{classpath:spring/spring-app.xml, classpath:spring/spring-mvc.xml}', classes = '{}', contextInitializerClasses = '[]', activeProfiles = '{}', propertySourceLocations = '{}', propertySourceProperties = '{}', contextCustomizers = set[[empty]], resourceBasePath = 'src/main/webapp', contextLoader = 'org.springframework.test.context.web.WebDelegatingSmartContextLoader', parent = [null]], attributes = map['org.springframework.test.context.web.ServletTestExecutionListener.populatedRequestContextHolder' -> true, 'org.springframework.test.context.web.ServletTestExecutionListener.resetRequestContextHolder' -> true]]; transaction manager [org.springframework.orm.jpa.JpaTransactionManager@74ab8610]; rollback [true]
&amp#27;[35mStart stopWatch
&amp#27;[0;39mHibernate: 
    /* select
        generatedAlias0 
    from
        User as generatedAlias0 
    where
        generatedAlias0.email=:param0 */ select
            user0_.id as id1_4_,
            user0_.name as name2_4_,
            user0_.email as email3_4_,
            user0_.enabled as enabled4_4_,
            user0_.password as password5_4_,
            user0_.registered as register6_4_ 
        from
            users user0_ 
        where
            user0_.email=?

MockHttpServletRequest:
      HTTP Method = POST
      Request URI = /rest/admin/users/
       Parameters = {}
          Headers = [Content-Type:"application/json;charset=UTF-8", Authorization:"Basic YWRtaW5AZW1haWwuY29tOmFkbWluX3Bhc3N3b3Jk"]
             Body = {"name":"","email":"new@mail.com","password":"password","enabled":true,"registered":"2021-01-02T22:24:54.654+0000","roles":["USER"],"votes":[]}
    Session Attrs = {}

Handler:
             Type = null

Async:
    Async started = false
     Async result = null

Resolved Exception:
             Type = null

ModelAndView:
        View name = null
             View = null
            Model = null

FlashMap:
       Attributes = null

MockHttpServletResponse:
           Status = 403
    Error message = Forbidden
          Headers = [Cache-Control:"no-cache, no-store, max-age=0, must-revalidate", Pragma:"no-cache", Expires:"0", X-XSS-Protection:"1; mode=block", X-Frame-Options:"DENY", X-Content-Type-Options:"nosniff"]
     Content type = null
             Body = 
    Forwarded URL = null
   Redirected URL = null
          Cookies = []
&amp#27;[35mstop stopWatch
&amp#27;[0;39m01:24:54.660 &amp#27;[34mINFO &amp#27;[0;39m &amp#27;[36mo.s.test.context.transaction.TransactionContext.endTransaction:139&amp#27;[0;39m - Rolled back transaction for test: [DefaultTestContext@27f6854b testClass = AdminRestControllerTest, testInstance = ru.restaurantvoting.web.user.AdminRestControllerTest@336b7da4, testMethod = createInvalid@AdminRestControllerTest, testException = java.lang.AssertionError: Status expected:<422> but was:<403>, mergedContextConfiguration = [WebMergedContextConfiguration@65145fb7 testClass = AdminRestControllerTest, locations = '{classpath:spring/spring-app.xml, classpath:spring/spring-mvc.xml}', classes = '{}', contextInitializerClasses = '[]', activeProfiles = '{}', propertySourceLocations = '{}', propertySourceProperties = '{}', contextCustomizers = set[[empty]], resourceBasePath = 'src/main/webapp', contextLoader = 'org.springframework.test.context.web.WebDelegatingSmartContextLoader', parent = [null]], attributes = map['org.springframework.test.context.web.ServletTestExecutionListener.populatedRequestContextHolder' -> true, 'org.springframework.test.context.web.ServletTestExecutionListener.resetRequestContextHolder' -> true]]
]]></system-out>
  </testcase>
  <testcase name="get" classname="ru.restaurantvoting.web.user.AdminRestControllerTest" time="0.006">
    <failure message="Status expected:&lt;200&gt; but was:&lt;403&gt;" type="java.lang.AssertionError"><![CDATA[java.lang.AssertionError: Status expected:<200> but was:<403>
	at ru.restaurantvoting.web.user.AdminRestControllerTest.get(AdminRestControllerTest.java:35)
]]></failure>
    <system-out><![CDATA[01:24:54.661 &amp#27;[34mINFO &amp#27;[0;39m &amp#27;[36morg.springframework.mock.web.MockServletContext.log:444&amp#27;[0;39m - Initializing Spring TestDispatcherServlet ''
01:24:54.662 &amp#27;[34mINFO &amp#27;[0;39m &amp#27;[36morg.springframework.web.servlet.FrameworkServlet.initServletBean:524&amp#27;[0;39m - Initializing Servlet ''
01:24:54.663 &amp#27;[34mINFO &amp#27;[0;39m &amp#27;[36morg.springframework.web.servlet.FrameworkServlet.initServletBean:546&amp#27;[0;39m - Completed initialization in 1 ms
01:24:54.664 &amp#27;[34mINFO &amp#27;[0;39m &amp#27;[36mo.s.test.context.transaction.TransactionContext.startTransaction:107&amp#27;[0;39m - Began transaction (1) for test context [DefaultTestContext@27f6854b testClass = AdminRestControllerTest, testInstance = ru.restaurantvoting.web.user.AdminRestControllerTest@15844237, testMethod = get@AdminRestControllerTest, testException = [null], mergedContextConfiguration = [WebMergedContextConfiguration@65145fb7 testClass = AdminRestControllerTest, locations = '{classpath:spring/spring-app.xml, classpath:spring/spring-mvc.xml}', classes = '{}', contextInitializerClasses = '[]', activeProfiles = '{}', propertySourceLocations = '{}', propertySourceProperties = '{}', contextCustomizers = set[[empty]], resourceBasePath = 'src/main/webapp', contextLoader = 'org.springframework.test.context.web.WebDelegatingSmartContextLoader', parent = [null]], attributes = map['org.springframework.test.context.web.ServletTestExecutionListener.populatedRequestContextHolder' -> true, 'org.springframework.test.context.web.ServletTestExecutionListener.resetRequestContextHolder' -> true]]; transaction manager [org.springframework.orm.jpa.JpaTransactionManager@74ab8610]; rollback [true]
&amp#27;[35mStart stopWatch
&amp#27;[0;39mHibernate: 
    /* select
        generatedAlias0 
    from
        User as generatedAlias0 
    where
        generatedAlias0.email=:param0 */ select
            user0_.id as id1_4_,
            user0_.name as name2_4_,
            user0_.email as email3_4_,
            user0_.enabled as enabled4_4_,
            user0_.password as password5_4_,
            user0_.registered as register6_4_ 
        from
            users user0_ 
        where
            user0_.email=?
&amp#27;[35mstop stopWatch
&amp#27;[0;39m01:24:54.667 &amp#27;[34mINFO &amp#27;[0;39m &amp#27;[36mo.s.test.context.transaction.TransactionContext.endTransaction:139&amp#27;[0;39m - Rolled back transaction for test: [DefaultTestContext@27f6854b testClass = AdminRestControllerTest, testInstance = ru.restaurantvoting.web.user.AdminRestControllerTest@15844237, testMethod = get@AdminRestControllerTest, testException = java.lang.AssertionError: Status expected:<200> but was:<403>, mergedContextConfiguration = [WebMergedContextConfiguration@65145fb7 testClass = AdminRestControllerTest, locations = '{classpath:spring/spring-app.xml, classpath:spring/spring-mvc.xml}', classes = '{}', contextInitializerClasses = '[]', activeProfiles = '{}', propertySourceLocations = '{}', propertySourceProperties = '{}', contextCustomizers = set[[empty]], resourceBasePath = 'src/main/webapp', contextLoader = 'org.springframework.test.context.web.WebDelegatingSmartContextLoader', parent = [null]], attributes = map['org.springframework.test.context.web.ServletTestExecutionListener.populatedRequestContextHolder' -> true, 'org.springframework.test.context.web.ServletTestExecutionListener.resetRequestContextHolder' -> true]]
]]></system-out>
  </testcase>
  <testcase name="updateInvalid" classname="ru.restaurantvoting.web.user.AdminRestControllerTest" time="0.007">
    <failure message="Status expected:&lt;422&gt; but was:&lt;403&gt;" type="java.lang.AssertionError"><![CDATA[java.lang.AssertionError: Status expected:<422> but was:<403>
	at ru.restaurantvoting.web.user.AdminRestControllerTest.updateInvalid(AdminRestControllerTest.java:148)
]]></failure>
    <system-out><![CDATA[01:24:54.668 &amp#27;[34mINFO &amp#27;[0;39m &amp#27;[36morg.springframework.mock.web.MockServletContext.log:444&amp#27;[0;39m - Initializing Spring TestDispatcherServlet ''
01:24:54.668 &amp#27;[34mINFO &amp#27;[0;39m &amp#27;[36morg.springframework.web.servlet.FrameworkServlet.initServletBean:524&amp#27;[0;39m - Initializing Servlet ''
01:24:54.669 &amp#27;[34mINFO &amp#27;[0;39m &amp#27;[36morg.springframework.web.servlet.FrameworkServlet.initServletBean:546&amp#27;[0;39m - Completed initialization in 1 ms
01:24:54.670 &amp#27;[34mINFO &amp#27;[0;39m &amp#27;[36mo.s.test.context.transaction.TransactionContext.startTransaction:107&amp#27;[0;39m - Began transaction (1) for test context [DefaultTestContext@27f6854b testClass = AdminRestControllerTest, testInstance = ru.restaurantvoting.web.user.AdminRestControllerTest@a49cdd6, testMethod = updateInvalid@AdminRestControllerTest, testException = [null], mergedContextConfiguration = [WebMergedContextConfiguration@65145fb7 testClass = AdminRestControllerTest, locations = '{classpath:spring/spring-app.xml, classpath:spring/spring-mvc.xml}', classes = '{}', contextInitializerClasses = '[]', activeProfiles = '{}', propertySourceLocations = '{}', propertySourceProperties = '{}', contextCustomizers = set[[empty]], resourceBasePath = 'src/main/webapp', contextLoader = 'org.springframework.test.context.web.WebDelegatingSmartContextLoader', parent = [null]], attributes = map['org.springframework.test.context.web.ServletTestExecutionListener.populatedRequestContextHolder' -> true, 'org.springframework.test.context.web.ServletTestExecutionListener.resetRequestContextHolder' -> true]]; transaction manager [org.springframework.orm.jpa.JpaTransactionManager@74ab8610]; rollback [true]
&amp#27;[35mStart stopWatch
&amp#27;[0;39mHibernate: 
    /* select
        generatedAlias0 
    from
        User as generatedAlias0 
    where
        generatedAlias0.email=:param0 */ select
            user0_.id as id1_4_,
            user0_.name as name2_4_,
            user0_.email as email3_4_,
            user0_.enabled as enabled4_4_,
            user0_.password as password5_4_,
            user0_.registered as register6_4_ 
        from
            users user0_ 
        where
            user0_.email=?
&amp#27;[35mstop stopWatch
&amp#27;[0;39m01:24:54.675 &amp#27;[34mINFO &amp#27;[0;39m &amp#27;[36mo.s.test.context.transaction.TransactionContext.endTransaction:139&amp#27;[0;39m - Rolled back transaction for test: [DefaultTestContext@27f6854b testClass = AdminRestControllerTest, testInstance = ru.restaurantvoting.web.user.AdminRestControllerTest@a49cdd6, testMethod = updateInvalid@AdminRestControllerTest, testException = java.lang.AssertionError: Status expected:<422> but was:<403>, mergedContextConfiguration = [WebMergedContextConfiguration@65145fb7 testClass = AdminRestControllerTest, locations = '{classpath:spring/spring-app.xml, classpath:spring/spring-mvc.xml}', classes = '{}', contextInitializerClasses = '[]', activeProfiles = '{}', propertySourceLocations = '{}', propertySourceProperties = '{}', contextCustomizers = set[[empty]], resourceBasePath = 'src/main/webapp', contextLoader = 'org.springframework.test.context.web.WebDelegatingSmartContextLoader', parent = [null]], attributes = map['org.springframework.test.context.web.ServletTestExecutionListener.populatedRequestContextHolder' -> true, 'org.springframework.test.context.web.ServletTestExecutionListener.resetRequestContextHolder' -> true]]
]]></system-out>
  </testcase>
  <testcase name="getUnAuth" classname="ru.restaurantvoting.web.user.AdminRestControllerTest" time="0.007"/>
  <testcase name="getByEmail" classname="ru.restaurantvoting.web.user.AdminRestControllerTest" time="0.012">
    <failure message="Status expected:&lt;200&gt; but was:&lt;403&gt;" type="java.lang.AssertionError"><![CDATA[java.lang.AssertionError: Status expected:<200> but was:<403>
	at ru.restaurantvoting.web.user.AdminRestControllerTest.getByEmail(AdminRestControllerTest.java:54)
]]></failure>
    <system-out><![CDATA[01:24:54.684 &amp#27;[34mINFO &amp#27;[0;39m &amp#27;[36morg.springframework.mock.web.MockServletContext.log:444&amp#27;[0;39m - Initializing Spring TestDispatcherServlet ''
01:24:54.685 &amp#27;[34mINFO &amp#27;[0;39m &amp#27;[36morg.springframework.web.servlet.FrameworkServlet.initServletBean:524&amp#27;[0;39m - Initializing Servlet ''
01:24:54.686 &amp#27;[34mINFO &amp#27;[0;39m &amp#27;[36morg.springframework.web.servlet.FrameworkServlet.initServletBean:546&amp#27;[0;39m - Completed initialization in 1 ms
01:24:54.687 &amp#27;[34mINFO &amp#27;[0;39m &amp#27;[36mo.s.test.context.transaction.TransactionContext.startTransaction:107&amp#27;[0;39m - Began transaction (1) for test context [DefaultTestContext@27f6854b testClass = AdminRestControllerTest, testInstance = ru.restaurantvoting.web.user.AdminRestControllerTest@7789719e, testMethod = getByEmail@AdminRestControllerTest, testException = [null], mergedContextConfiguration = [WebMergedContextConfiguration@65145fb7 testClass = AdminRestControllerTest, locations = '{classpath:spring/spring-app.xml, classpath:spring/spring-mvc.xml}', classes = '{}', contextInitializerClasses = '[]', activeProfiles = '{}', propertySourceLocations = '{}', propertySourceProperties = '{}', contextCustomizers = set[[empty]], resourceBasePath = 'src/main/webapp', contextLoader = 'org.springframework.test.context.web.WebDelegatingSmartContextLoader', parent = [null]], attributes = map['org.springframework.test.context.web.ServletTestExecutionListener.populatedRequestContextHolder' -> true, 'org.springframework.test.context.web.ServletTestExecutionListener.resetRequestContextHolder' -> true]]; transaction manager [org.springframework.orm.jpa.JpaTransactionManager@74ab8610]; rollback [true]
&amp#27;[35mStart stopWatch
&amp#27;[0;39mHibernate: 
    /* select
        generatedAlias0 
    from
        User as generatedAlias0 
    where
        generatedAlias0.email=:param0 */ select
            user0_.id as id1_4_,
            user0_.name as name2_4_,
            user0_.email as email3_4_,
            user0_.enabled as enabled4_4_,
            user0_.password as password5_4_,
            user0_.registered as register6_4_ 
        from
            users user0_ 
        where
            user0_.email=?
&amp#27;[35mstop stopWatch
&amp#27;[0;39m01:24:54.693 &amp#27;[34mINFO &amp#27;[0;39m &amp#27;[36mo.s.test.context.transaction.TransactionContext.endTransaction:139&amp#27;[0;39m - Rolled back transaction for test: [DefaultTestContext@27f6854b testClass = AdminRestControllerTest, testInstance = ru.restaurantvoting.web.user.AdminRestControllerTest@7789719e, testMethod = getByEmail@AdminRestControllerTest, testException = java.lang.AssertionError: Status expected:<200> but was:<403>, mergedContextConfiguration = [WebMergedContextConfiguration@65145fb7 testClass = AdminRestControllerTest, locations = '{classpath:spring/spring-app.xml, classpath:spring/spring-mvc.xml}', classes = '{}', contextInitializerClasses = '[]', activeProfiles = '{}', propertySourceLocations = '{}', propertySourceProperties = '{}', contextCustomizers = set[[empty]], resourceBasePath = 'src/main/webapp', contextLoader = 'org.springframework.test.context.web.WebDelegatingSmartContextLoader', parent = [null]], attributes = map['org.springframework.test.context.web.ServletTestExecutionListener.populatedRequestContextHolder' -> true, 'org.springframework.test.context.web.ServletTestExecutionListener.resetRequestContextHolder' -> true]]
]]></system-out>
  </testcase>
  <testcase name="getForbidden" classname="ru.restaurantvoting.web.user.AdminRestControllerTest" time="0.009"/>
  <testcase name="createWithLocation" classname="ru.restaurantvoting.web.user.AdminRestControllerTest" time="0.004">
    <failure message="Status expected:&lt;201&gt; but was:&lt;403&gt;" type="java.lang.AssertionError"><![CDATA[java.lang.AssertionError: Status expected:<201> but was:<403>
	at ru.restaurantvoting.web.user.AdminRestControllerTest.createWithLocation(AdminRestControllerTest.java:110)
]]></failure>
    <system-out><![CDATA[01:24:54.700 &amp#27;[34mINFO &amp#27;[0;39m &amp#27;[36morg.springframework.mock.web.MockServletContext.log:444&amp#27;[0;39m - Initializing Spring TestDispatcherServlet ''
01:24:54.700 &amp#27;[34mINFO &amp#27;[0;39m &amp#27;[36morg.springframework.web.servlet.FrameworkServlet.initServletBean:524&amp#27;[0;39m - Initializing Servlet ''
01:24:54.701 &amp#27;[34mINFO &amp#27;[0;39m &amp#27;[36morg.springframework.web.servlet.FrameworkServlet.initServletBean:546&amp#27;[0;39m - Completed initialization in 1 ms
01:24:54.702 &amp#27;[34mINFO &amp#27;[0;39m &amp#27;[36mo.s.test.context.transaction.TransactionContext.startTransaction:107&amp#27;[0;39m - Began transaction (1) for test context [DefaultTestContext@27f6854b testClass = AdminRestControllerTest, testInstance = ru.restaurantvoting.web.user.AdminRestControllerTest@295e989, testMethod = createWithLocation@AdminRestControllerTest, testException = [null], mergedContextConfiguration = [WebMergedContextConfiguration@65145fb7 testClass = AdminRestControllerTest, locations = '{classpath:spring/spring-app.xml, classpath:spring/spring-mvc.xml}', classes = '{}', contextInitializerClasses = '[]', activeProfiles = '{}', propertySourceLocations = '{}', propertySourceProperties = '{}', contextCustomizers = set[[empty]], resourceBasePath = 'src/main/webapp', contextLoader = 'org.springframework.test.context.web.WebDelegatingSmartContextLoader', parent = [null]], attributes = map['org.springframework.test.context.web.ServletTestExecutionListener.populatedRequestContextHolder' -> true, 'org.springframework.test.context.web.ServletTestExecutionListener.resetRequestContextHolder' -> true]]; transaction manager [org.springframework.orm.jpa.JpaTransactionManager@74ab8610]; rollback [true]
&amp#27;[35mStart stopWatch
&amp#27;[0;39mHibernate: 
    /* select
        generatedAlias0 
    from
        User as generatedAlias0 
    where
        generatedAlias0.email=:param0 */ select
            user0_.id as id1_4_,
            user0_.name as name2_4_,
            user0_.email as email3_4_,
            user0_.enabled as enabled4_4_,
            user0_.password as password5_4_,
            user0_.registered as register6_4_ 
        from
            users user0_ 
        where
            user0_.email=?
&amp#27;[35mstop stopWatch
&amp#27;[0;39m01:24:54.708 &amp#27;[34mINFO &amp#27;[0;39m &amp#27;[36mo.s.test.context.transaction.TransactionContext.endTransaction:139&amp#27;[0;39m - Rolled back transaction for test: [DefaultTestContext@27f6854b testClass = AdminRestControllerTest, testInstance = ru.restaurantvoting.web.user.AdminRestControllerTest@295e989, testMethod = createWithLocation@AdminRestControllerTest, testException = java.lang.AssertionError: Status expected:<201> but was:<403>, mergedContextConfiguration = [WebMergedContextConfiguration@65145fb7 testClass = AdminRestControllerTest, locations = '{classpath:spring/spring-app.xml, classpath:spring/spring-mvc.xml}', classes = '{}', contextInitializerClasses = '[]', activeProfiles = '{}', propertySourceLocations = '{}', propertySourceProperties = '{}', contextCustomizers = set[[empty]], resourceBasePath = 'src/main/webapp', contextLoader = 'org.springframework.test.context.web.WebDelegatingSmartContextLoader', parent = [null]], attributes = map['org.springframework.test.context.web.ServletTestExecutionListener.populatedRequestContextHolder' -> true, 'org.springframework.test.context.web.ServletTestExecutionListener.resetRequestContextHolder' -> true]]
]]></system-out>
  </testcase>
</testsuite>